2025-06-11 13:51:22,431 - INFO - [2025-06-11 13:51:22] Intentando conectar a 127.168.1.5:65432...
2025-06-11 13:51:24,474 - ERROR - [2025-06-11 13:51:24] Error: La conexión fue rechazada. Asegúrate de que el servidor esté corriendo en 127.168.1.5:65432.
2025-06-11 13:51:24,475 - INFO - [2025-06-11 13:51:24] Cliente finalizado.
2025-06-11 13:53:19,439 - INFO - [2025-06-11 13:53:19] Intentando conectar a 192.168.1.5:65432...
2025-06-11 13:53:19,461 - INFO - [2025-06-11 13:53:19] Conectado al servidor.
2025-06-11 13:53:19,461 - INFO - [2025-06-11 13:53:19.461] Enviando: Hola, soy el paquete Lenox Legends v2.0-001
2025-06-11 13:53:19,465 - INFO - [2025-06-11 13:53:19.465] Recibido del servidor: ACK: Hola, soy el paquete Lenox Legends v2.0-001
2025-06-11 13:53:20,466 - INFO - [2025-06-11 13:53:20.466] Enviando: Hola, soy el paquete Lenox Legends v2.0-002
2025-06-11 13:53:20,484 - INFO - [2025-06-11 13:53:20.484] Recibido del servidor: ACK: Hola, soy el paquete Lenox Legends v2.0-002
2025-06-11 13:53:21,485 - INFO - [2025-06-11 13:53:21.485] Enviando: Hola, soy el paquete Lenox Legends v2.0-003
2025-06-11 13:53:21,509 - INFO - [2025-06-11 13:53:21.509] Recibido del servidor: ACK: Hola, soy el paquete Lenox Legends v2.0-003
2025-06-11 13:53:22,510 - INFO - [2025-06-11 13:53:22.509] Enviando: Hola, soy el paquete Lenox Legends v2.0-004
2025-06-11 13:53:22,531 - INFO - [2025-06-11 13:53:22.531] Recibido del servidor: ACK: Hola, soy el paquete Lenox Legends v2.0-004
2025-06-11 13:53:23,531 - INFO - [2025-06-11 13:53:23.531] Enviando: Hola, soy el paquete Lenox Legends v2.0-005
2025-06-11 13:53:23,556 - INFO - [2025-06-11 13:53:23.556] Recibido del servidor: ACK: Hola, soy el paquete Lenox Legends v2.0-005
2025-06-11 13:53:23,556 - INFO - [2025-06-11 13:53:23] Cliente finalizado.
2025-06-11 14:11:09,850 - INFO - [2025-06-11 14:11:09] Intentando conectar a 192.168.1.5:65432...
2025-06-11 14:11:09,944 - INFO - [2025-06-11 14:11:09] Conectado al servidor.
2025-06-11 14:11:09,944 - INFO - [2025-06-11 14:11:09.944] Enviando: Hola, soy el paquete Lenox Legends v2.0-001
2025-06-11 14:11:09,948 - INFO - [2025-06-11 14:11:09.948] Recibido del servidor: ACK: Hola, soy el paquete Lenox Legends v2.0-001 | Latencia: 3.835 ms
2025-06-11 14:11:09,948 - INFO - 3.835
2025-06-11 14:11:10,949 - INFO - [2025-06-11 14:11:10.949] Enviando: Hola, soy el paquete Lenox Legends v2.0-002
2025-06-11 14:11:10,968 - INFO - [2025-06-11 14:11:10.968] Recibido del servidor: ACK: Hola, soy el paquete Lenox Legends v2.0-002 | Latencia: 19.240 ms
2025-06-11 14:11:10,968 - INFO - 19.240
2025-06-11 14:11:11,969 - INFO - [2025-06-11 14:11:11.968] Enviando: Hola, soy el paquete Lenox Legends v2.0-003
2025-06-11 14:11:11,992 - INFO - [2025-06-11 14:11:11.992] Recibido del servidor: ACK: Hola, soy el paquete Lenox Legends v2.0-003 | Latencia: 23.464 ms
2025-06-11 14:11:11,992 - INFO - 23.464
2025-06-11 14:11:12,992 - INFO - [2025-06-11 14:11:12.992] Enviando: Hola, soy el paquete Lenox Legends v2.0-004
2025-06-11 14:11:13,017 - INFO - [2025-06-11 14:11:13.017] Recibido del servidor: ACK: Hola, soy el paquete Lenox Legends v2.0-004 | Latencia: 24.571 ms
2025-06-11 14:11:13,017 - INFO - 24.571
2025-06-11 14:11:14,018 - INFO - [2025-06-11 14:11:14.018] Enviando: Hola, soy el paquete Lenox Legends v2.0-005
2025-06-11 14:11:14,040 - INFO - [2025-06-11 14:11:14.040] Recibido del servidor: ACK: Hola, soy el paquete Lenox Legends v2.0-005 | Latencia: 22.155 ms
2025-06-11 14:11:14,040 - INFO - 22.155
2025-06-11 14:11:15,041 - INFO - [2025-06-11 14:11:15.041] Enviando: Hola, soy el paquete Lenox Legends v2.0-006
2025-06-11 14:11:15,064 - INFO - [2025-06-11 14:11:15.064] Recibido del servidor: ACK: Hola, soy el paquete Lenox Legends v2.0-006 | Latencia: 23.310 ms
2025-06-11 14:11:15,064 - INFO - 23.310
2025-06-11 14:11:16,065 - INFO - [2025-06-11 14:11:16.065] Enviando: Hola, soy el paquete Lenox Legends v2.0-007
2025-06-11 14:11:16,088 - INFO - [2025-06-11 14:11:16.088] Recibido del servidor: ACK: Hola, soy el paquete Lenox Legends v2.0-007 | Latencia: 22.973 ms
2025-06-11 14:11:16,088 - INFO - 22.973
2025-06-11 14:11:17,088 - INFO - [2025-06-11 14:11:17.088] Enviando: Hola, soy el paquete Lenox Legends v2.0-008
2025-06-11 14:11:17,112 - INFO - [2025-06-11 14:11:17.112] Recibido del servidor: ACK: Hola, soy el paquete Lenox Legends v2.0-008 | Latencia: 23.790 ms
2025-06-11 14:11:17,112 - INFO - 23.790
2025-06-11 14:11:18,113 - INFO - [2025-06-11 14:11:18.113] Enviando: Hola, soy el paquete Lenox Legends v2.0-009
2025-06-11 14:11:18,136 - INFO - [2025-06-11 14:11:18.136] Recibido del servidor: ACK: Hola, soy el paquete Lenox Legends v2.0-009 | Latencia: 23.392 ms
2025-06-11 14:11:18,136 - INFO - 23.392
2025-06-11 14:11:19,137 - INFO - [2025-06-11 14:11:19.137] Enviando: Hola, soy el paquete Lenox Legends v2.0-010
2025-06-11 14:11:19,263 - INFO - [2025-06-11 14:11:19.262] Recibido del servidor: ACK: Hola, soy el paquete Lenox Legends v2.0-010 | Latencia: 125.801 ms
2025-06-11 14:11:19,263 - INFO - 125.801
2025-06-11 14:11:20,263 - INFO - [2025-06-11 14:11:20.263] Enviando: Hola, soy el paquete Lenox Legends v2.0-011
2025-06-11 14:11:20,287 - INFO - [2025-06-11 14:11:20.286] Recibido del servidor: ACK: Hola, soy el paquete Lenox Legends v2.0-011 | Latencia: 23.255 ms
2025-06-11 14:11:20,287 - INFO - 23.255
2025-06-11 14:11:21,287 - INFO - [2025-06-11 14:11:21.287] Enviando: Hola, soy el paquete Lenox Legends v2.0-012
2025-06-11 14:11:21,415 - INFO - [2025-06-11 14:11:21.415] Recibido del servidor: ACK: Hola, soy el paquete Lenox Legends v2.0-012 | Latencia: 127.497 ms
2025-06-11 14:11:21,415 - INFO - 127.497
2025-06-11 14:11:22,415 - INFO - [2025-06-11 14:11:22.415] Enviando: Hola, soy el paquete Lenox Legends v2.0-013
2025-06-11 14:11:22,437 - INFO - [2025-06-11 14:11:22.437] Recibido del servidor: ACK: Hola, soy el paquete Lenox Legends v2.0-013 | Latencia: 21.590 ms
2025-06-11 14:11:22,437 - INFO - 21.590
2025-06-11 14:11:23,438 - INFO - [2025-06-11 14:11:23.438] Enviando: Hola, soy el paquete Lenox Legends v2.0-014
2025-06-11 14:11:23,461 - INFO - [2025-06-11 14:11:23.461] Recibido del servidor: ACK: Hola, soy el paquete Lenox Legends v2.0-014 | Latencia: 23.048 ms
2025-06-11 14:11:23,461 - INFO - 23.048
2025-06-11 14:11:24,462 - INFO - [2025-06-11 14:11:24.462] Enviando: Hola, soy el paquete Lenox Legends v2.0-015
2025-06-11 14:11:24,485 - INFO - [2025-06-11 14:11:24.485] Recibido del servidor: ACK: Hola, soy el paquete Lenox Legends v2.0-015 | Latencia: 23.041 ms
2025-06-11 14:11:24,485 - INFO - 23.041
2025-06-11 14:11:25,485 - INFO - [2025-06-11 14:11:25.485] Enviando: Hola, soy el paquete Lenox Legends v2.0-016
2025-06-11 14:11:25,509 - INFO - [2025-06-11 14:11:25.509] Recibido del servidor: ACK: Hola, soy el paquete Lenox Legends v2.0-016 | Latencia: 23.883 ms
2025-06-11 14:11:25,509 - INFO - 23.883
2025-06-11 14:11:26,510 - INFO - [2025-06-11 14:11:26.510] Enviando: Hola, soy el paquete Lenox Legends v2.0-017
2025-06-11 14:11:26,533 - INFO - [2025-06-11 14:11:26.533] Recibido del servidor: ACK: Hola, soy el paquete Lenox Legends v2.0-017 | Latencia: 23.691 ms
2025-06-11 14:11:26,534 - INFO - 23.691
2025-06-11 14:11:27,534 - INFO - [2025-06-11 14:11:27.534] Enviando: Hola, soy el paquete Lenox Legends v2.0-018
2025-06-11 14:11:27,557 - INFO - [2025-06-11 14:11:27.556] Recibido del servidor: ACK: Hola, soy el paquete Lenox Legends v2.0-018 | Latencia: 22.392 ms
2025-06-11 14:11:27,557 - INFO - 22.392
2025-06-11 14:11:28,557 - INFO - [2025-06-11 14:11:28.557] Enviando: Hola, soy el paquete Lenox Legends v2.0-019
2025-06-11 14:11:28,581 - INFO - [2025-06-11 14:11:28.581] Recibido del servidor: ACK: Hola, soy el paquete Lenox Legends v2.0-019 | Latencia: 23.692 ms
2025-06-11 14:11:28,581 - INFO - 23.692
2025-06-11 14:11:29,582 - INFO - [2025-06-11 14:11:29.582] Enviando: Hola, soy el paquete Lenox Legends v2.0-020
2025-06-11 14:11:29,585 - INFO - [2025-06-11 14:11:29.585] Recibido del servidor: ACK: Hola, soy el paquete Lenox Legends v2.0-020 | Latencia: 3.267 ms
2025-06-11 14:11:29,585 - INFO - 3.267
2025-06-11 14:11:30,586 - INFO - [2025-06-11 14:11:30.585] Enviando: Hola, soy el paquete Lenox Legends v2.0-021
2025-06-11 14:11:30,629 - INFO - [2025-06-11 14:11:30.629] Recibido del servidor: ACK: Hola, soy el paquete Lenox Legends v2.0-021 | Latencia: 43.097 ms
2025-06-11 14:11:30,629 - INFO - 43.097
2025-06-11 14:11:31,630 - INFO - [2025-06-11 14:11:31.629] Enviando: Hola, soy el paquete Lenox Legends v2.0-022
2025-06-11 14:11:31,653 - INFO - [2025-06-11 14:11:31.653] Recibido del servidor: ACK: Hola, soy el paquete Lenox Legends v2.0-022 | Latencia: 23.549 ms
2025-06-11 14:11:31,653 - INFO - 23.549
2025-06-11 14:11:32,653 - INFO - [2025-06-11 14:11:32.653] Enviando: Hola, soy el paquete Lenox Legends v2.0-023
2025-06-11 14:11:32,677 - INFO - [2025-06-11 14:11:32.677] Recibido del servidor: ACK: Hola, soy el paquete Lenox Legends v2.0-023 | Latencia: 23.560 ms
2025-06-11 14:11:32,677 - INFO - 23.560
2025-06-11 14:11:33,677 - INFO - [2025-06-11 14:11:33.677] Enviando: Hola, soy el paquete Lenox Legends v2.0-024
2025-06-11 14:11:33,701 - INFO - [2025-06-11 14:11:33.701] Recibido del servidor: ACK: Hola, soy el paquete Lenox Legends v2.0-024 | Latencia: 23.491 ms
2025-06-11 14:11:33,701 - INFO - 23.491
2025-06-11 14:11:34,701 - INFO - [2025-06-11 14:11:34.701] Enviando: Hola, soy el paquete Lenox Legends v2.0-025
2025-06-11 14:11:34,725 - INFO - [2025-06-11 14:11:34.725] Recibido del servidor: ACK: Hola, soy el paquete Lenox Legends v2.0-025 | Latencia: 24.071 ms
2025-06-11 14:11:34,726 - INFO - 24.071
2025-06-11 14:11:35,726 - INFO - [2025-06-11 14:11:35.726] Enviando: Hola, soy el paquete Lenox Legends v2.0-026
2025-06-11 14:11:35,749 - INFO - [2025-06-11 14:11:35.749] Recibido del servidor: ACK: Hola, soy el paquete Lenox Legends v2.0-026 | Latencia: 22.668 ms
2025-06-11 14:11:35,749 - INFO - 22.668
2025-06-11 14:11:36,750 - INFO - [2025-06-11 14:11:36.750] Enviando: Hola, soy el paquete Lenox Legends v2.0-027
2025-06-11 14:11:36,773 - INFO - [2025-06-11 14:11:36.773] Recibido del servidor: ACK: Hola, soy el paquete Lenox Legends v2.0-027 | Latencia: 23.541 ms
2025-06-11 14:11:36,774 - INFO - 23.541
2025-06-11 14:11:37,774 - INFO - [2025-06-11 14:11:37.774] Enviando: Hola, soy el paquete Lenox Legends v2.0-028
2025-06-11 14:11:37,778 - INFO - [2025-06-11 14:11:37.778] Recibido del servidor: ACK: Hola, soy el paquete Lenox Legends v2.0-028 | Latencia: 3.452 ms
2025-06-11 14:11:37,778 - INFO - 3.452
2025-06-11 14:11:38,778 - INFO - [2025-06-11 14:11:38.778] Enviando: Hola, soy el paquete Lenox Legends v2.0-029
2025-06-11 14:11:38,782 - INFO - [2025-06-11 14:11:38.782] Recibido del servidor: ACK: Hola, soy el paquete Lenox Legends v2.0-029 | Latencia: 3.526 ms
2025-06-11 14:11:38,782 - INFO - 3.526
2025-06-11 14:11:39,782 - INFO - [2025-06-11 14:11:39.782] Enviando: Hola, soy el paquete Lenox Legends v2.0-030
2025-06-11 14:11:39,787 - INFO - [2025-06-11 14:11:39.787] Recibido del servidor: ACK: Hola, soy el paquete Lenox Legends v2.0-030 | Latencia: 4.511 ms
2025-06-11 14:11:39,787 - INFO - 4.511
2025-06-11 14:11:40,787 - INFO - [2025-06-11 14:11:40.787] Enviando: Hola, soy el paquete Lenox Legends v2.0-031
2025-06-11 14:11:40,791 - INFO - [2025-06-11 14:11:40.791] Recibido del servidor: ACK: Hola, soy el paquete Lenox Legends v2.0-031 | Latencia: 4.157 ms
2025-06-11 14:11:40,791 - INFO - 4.157
2025-06-11 14:11:41,792 - INFO - [2025-06-11 14:11:41.792] Enviando: Hola, soy el paquete Lenox Legends v2.0-032
2025-06-11 14:11:41,893 - INFO - [2025-06-11 14:11:41.893] Recibido del servidor: ACK: Hola, soy el paquete Lenox Legends v2.0-032 | Latencia: 101.081 ms
2025-06-11 14:11:41,893 - INFO - 101.081
2025-06-11 14:11:42,894 - INFO - [2025-06-11 14:11:42.894] Enviando: Hola, soy el paquete Lenox Legends v2.0-033
2025-06-11 14:11:42,917 - INFO - [2025-06-11 14:11:42.917] Recibido del servidor: ACK: Hola, soy el paquete Lenox Legends v2.0-033 | Latencia: 23.264 ms
2025-06-11 14:11:42,917 - INFO - 23.264
2025-06-11 14:11:43,918 - INFO - [2025-06-11 14:11:43.918] Enviando: Hola, soy el paquete Lenox Legends v2.0-034
2025-06-11 14:11:43,922 - INFO - [2025-06-11 14:11:43.922] Recibido del servidor: ACK: Hola, soy el paquete Lenox Legends v2.0-034 | Latencia: 4.396 ms
2025-06-11 14:11:43,922 - INFO - 4.396
2025-06-11 14:11:44,923 - INFO - [2025-06-11 14:11:44.922] Enviando: Hola, soy el paquete Lenox Legends v2.0-035
2025-06-11 14:11:44,927 - INFO - [2025-06-11 14:11:44.927] Recibido del servidor: ACK: Hola, soy el paquete Lenox Legends v2.0-035 | Latencia: 4.228 ms
2025-06-11 14:11:44,927 - INFO - 4.228
2025-06-11 14:11:45,927 - INFO - [2025-06-11 14:11:45.927] Enviando: Hola, soy el paquete Lenox Legends v2.0-036
2025-06-11 14:11:45,990 - INFO - [2025-06-11 14:11:45.990] Recibido del servidor: ACK: Hola, soy el paquete Lenox Legends v2.0-036 | Latencia: 62.247 ms
2025-06-11 14:11:45,990 - INFO - 62.247
2025-06-11 14:11:46,991 - INFO - [2025-06-11 14:11:46.990] Enviando: Hola, soy el paquete Lenox Legends v2.0-037
2025-06-11 14:11:47,013 - INFO - [2025-06-11 14:11:47.013] Recibido del servidor: ACK: Hola, soy el paquete Lenox Legends v2.0-037 | Latencia: 22.427 ms
2025-06-11 14:11:47,013 - INFO - 22.427
2025-06-11 14:11:48,013 - INFO - [2025-06-11 14:11:48.013] Enviando: Hola, soy el paquete Lenox Legends v2.0-038
2025-06-11 14:11:48,037 - INFO - [2025-06-11 14:11:48.037] Recibido del servidor: ACK: Hola, soy el paquete Lenox Legends v2.0-038 | Latencia: 23.288 ms
2025-06-11 14:11:48,037 - INFO - 23.288
2025-06-11 14:11:49,037 - INFO - [2025-06-11 14:11:49.037] Enviando: Hola, soy el paquete Lenox Legends v2.0-039
2025-06-11 14:11:49,061 - INFO - [2025-06-11 14:11:49.061] Recibido del servidor: ACK: Hola, soy el paquete Lenox Legends v2.0-039 | Latencia: 23.499 ms
2025-06-11 14:11:49,061 - INFO - 23.499
2025-06-11 14:11:50,061 - INFO - [2025-06-11 14:11:50.061] Enviando: Hola, soy el paquete Lenox Legends v2.0-040
2025-06-11 14:11:50,086 - INFO - [2025-06-11 14:11:50.086] Recibido del servidor: ACK: Hola, soy el paquete Lenox Legends v2.0-040 | Latencia: 24.347 ms
2025-06-11 14:11:50,086 - INFO - 24.347
2025-06-11 14:11:51,086 - INFO - [2025-06-11 14:11:51.086] Enviando: Hola, soy el paquete Lenox Legends v2.0-041
2025-06-11 14:11:51,109 - INFO - [2025-06-11 14:11:51.109] Recibido del servidor: ACK: Hola, soy el paquete Lenox Legends v2.0-041 | Latencia: 22.398 ms
2025-06-11 14:11:51,109 - INFO - 22.398
2025-06-11 14:11:52,109 - INFO - [2025-06-11 14:11:52.109] Enviando: Hola, soy el paquete Lenox Legends v2.0-042
2025-06-11 14:11:52,133 - INFO - [2025-06-11 14:11:52.133] Recibido del servidor: ACK: Hola, soy el paquete Lenox Legends v2.0-042 | Latencia: 23.501 ms
2025-06-11 14:11:52,133 - INFO - 23.501
2025-06-11 14:11:53,133 - INFO - [2025-06-11 14:11:53.133] Enviando: Hola, soy el paquete Lenox Legends v2.0-043
2025-06-11 14:11:53,157 - INFO - [2025-06-11 14:11:53.157] Recibido del servidor: ACK: Hola, soy el paquete Lenox Legends v2.0-043 | Latencia: 23.489 ms
2025-06-11 14:11:53,157 - INFO - 23.489
2025-06-11 14:11:54,157 - INFO - [2025-06-11 14:11:54.157] Enviando: Hola, soy el paquete Lenox Legends v2.0-044
2025-06-11 14:11:54,283 - INFO - [2025-06-11 14:11:54.283] Recibido del servidor: ACK: Hola, soy el paquete Lenox Legends v2.0-044 | Latencia: 126.053 ms
2025-06-11 14:11:54,283 - INFO - 126.053
2025-06-11 14:11:55,284 - INFO - [2025-06-11 14:11:55.284] Enviando: Hola, soy el paquete Lenox Legends v2.0-045
2025-06-11 14:11:55,307 - INFO - [2025-06-11 14:11:55.307] Recibido del servidor: ACK: Hola, soy el paquete Lenox Legends v2.0-045 | Latencia: 23.626 ms
2025-06-11 14:11:55,308 - INFO - 23.626
2025-06-11 14:11:56,308 - INFO - [2025-06-11 14:11:56.308] Enviando: Hola, soy el paquete Lenox Legends v2.0-046
2025-06-11 14:11:56,331 - INFO - [2025-06-11 14:11:56.331] Recibido del servidor: ACK: Hola, soy el paquete Lenox Legends v2.0-046 | Latencia: 22.868 ms
2025-06-11 14:11:56,331 - INFO - 22.868
2025-06-11 14:11:57,332 - INFO - [2025-06-11 14:11:57.332] Enviando: Hola, soy el paquete Lenox Legends v2.0-047
2025-06-11 14:11:57,336 - INFO - [2025-06-11 14:11:57.336] Recibido del servidor: ACK: Hola, soy el paquete Lenox Legends v2.0-047 | Latencia: 4.171 ms
2025-06-11 14:11:57,336 - INFO - 4.171
2025-06-11 14:11:58,337 - INFO - [2025-06-11 14:11:58.337] Enviando: Hola, soy el paquete Lenox Legends v2.0-048
2025-06-11 14:11:58,384 - INFO - [2025-06-11 14:11:58.383] Recibido del servidor: ACK: Hola, soy el paquete Lenox Legends v2.0-048 | Latencia: 46.909 ms
2025-06-11 14:11:58,384 - INFO - 46.909
2025-06-11 14:11:59,384 - INFO - [2025-06-11 14:11:59.384] Enviando: Hola, soy el paquete Lenox Legends v2.0-049
2025-06-11 14:11:59,403 - INFO - [2025-06-11 14:11:59.403] Recibido del servidor: ACK: Hola, soy el paquete Lenox Legends v2.0-049 | Latencia: 19.176 ms
2025-06-11 14:11:59,403 - INFO - 19.176
2025-06-11 14:12:00,404 - INFO - [2025-06-11 14:12:00.404] Enviando: Hola, soy el paquete Lenox Legends v2.0-050
2025-06-11 14:12:00,429 - INFO - [2025-06-11 14:12:00.429] Recibido del servidor: ACK: Hola, soy el paquete Lenox Legends v2.0-050 | Latencia: 24.567 ms
2025-06-11 14:12:00,429 - INFO - 24.567
2025-06-11 14:12:01,430 - INFO - [2025-06-11 14:12:01.430] Enviando: Hola, soy el paquete Lenox Legends v2.0-051
2025-06-11 14:12:01,451 - INFO - [2025-06-11 14:12:01.451] Recibido del servidor: ACK: Hola, soy el paquete Lenox Legends v2.0-051 | Latencia: 21.489 ms
2025-06-11 14:12:01,451 - INFO - 21.489
2025-06-11 14:12:02,452 - INFO - [2025-06-11 14:12:02.452] Enviando: Hola, soy el paquete Lenox Legends v2.0-052
2025-06-11 14:12:02,478 - INFO - [2025-06-11 14:12:02.478] Recibido del servidor: ACK: Hola, soy el paquete Lenox Legends v2.0-052 | Latencia: 26.194 ms
2025-06-11 14:12:02,478 - INFO - 26.194
2025-06-11 14:12:03,479 - INFO - [2025-06-11 14:12:03.478] Enviando: Hola, soy el paquete Lenox Legends v2.0-053
2025-06-11 14:12:03,499 - INFO - [2025-06-11 14:12:03.499] Recibido del servidor: ACK: Hola, soy el paquete Lenox Legends v2.0-053 | Latencia: 20.689 ms
2025-06-11 14:12:03,499 - INFO - 20.689
2025-06-11 14:12:04,500 - INFO - [2025-06-11 14:12:04.500] Enviando: Hola, soy el paquete Lenox Legends v2.0-054
2025-06-11 14:12:04,523 - INFO - [2025-06-11 14:12:04.523] Recibido del servidor: ACK: Hola, soy el paquete Lenox Legends v2.0-054 | Latencia: 23.163 ms
2025-06-11 14:12:04,523 - INFO - 23.163
2025-06-11 14:12:05,524 - INFO - [2025-06-11 14:12:05.524] Enviando: Hola, soy el paquete Lenox Legends v2.0-055
2025-06-11 14:12:05,547 - INFO - [2025-06-11 14:12:05.547] Recibido del servidor: ACK: Hola, soy el paquete Lenox Legends v2.0-055 | Latencia: 23.050 ms
2025-06-11 14:12:05,547 - INFO - 23.050
2025-06-11 14:12:06,547 - INFO - [2025-06-11 14:12:06.547] Enviando: Hola, soy el paquete Lenox Legends v2.0-056
2025-06-11 14:12:06,572 - INFO - [2025-06-11 14:12:06.572] Recibido del servidor: ACK: Hola, soy el paquete Lenox Legends v2.0-056 | Latencia: 24.666 ms
2025-06-11 14:12:06,572 - INFO - 24.666
2025-06-11 14:12:07,573 - INFO - [2025-06-11 14:12:07.573] Enviando: Hola, soy el paquete Lenox Legends v2.0-057
2025-06-11 14:12:07,595 - INFO - [2025-06-11 14:12:07.595] Recibido del servidor: ACK: Hola, soy el paquete Lenox Legends v2.0-057 | Latencia: 22.369 ms
2025-06-11 14:12:07,595 - INFO - 22.369
2025-06-11 14:12:08,596 - INFO - [2025-06-11 14:12:08.596] Enviando: Hola, soy el paquete Lenox Legends v2.0-058
2025-06-11 14:12:08,619 - INFO - [2025-06-11 14:12:08.619] Recibido del servidor: ACK: Hola, soy el paquete Lenox Legends v2.0-058 | Latencia: 23.212 ms
2025-06-11 14:12:08,619 - INFO - 23.212
2025-06-11 14:12:09,620 - INFO - [2025-06-11 14:12:09.620] Enviando: Hola, soy el paquete Lenox Legends v2.0-059
2025-06-11 14:12:09,643 - INFO - [2025-06-11 14:12:09.643] Recibido del servidor: ACK: Hola, soy el paquete Lenox Legends v2.0-059 | Latencia: 23.352 ms
2025-06-11 14:12:09,643 - INFO - 23.352
2025-06-11 14:12:10,644 - INFO - [2025-06-11 14:12:10.644] Enviando: Hola, soy el paquete Lenox Legends v2.0-060
2025-06-11 14:12:10,667 - INFO - [2025-06-11 14:12:10.667] Recibido del servidor: ACK: Hola, soy el paquete Lenox Legends v2.0-060 | Latencia: 23.417 ms
2025-06-11 14:12:10,667 - INFO - 23.417
2025-06-11 14:12:11,668 - INFO - [2025-06-11 14:12:11.668] Enviando: Hola, soy el paquete Lenox Legends v2.0-061
2025-06-11 14:12:11,692 - INFO - [2025-06-11 14:12:11.692] Recibido del servidor: ACK: Hola, soy el paquete Lenox Legends v2.0-061 | Latencia: 24.413 ms
2025-06-11 14:12:11,692 - INFO - 24.413
2025-06-11 14:12:12,693 - INFO - [2025-06-11 14:12:12.693] Enviando: Hola, soy el paquete Lenox Legends v2.0-062
2025-06-11 14:12:12,715 - INFO - [2025-06-11 14:12:12.715] Recibido del servidor: ACK: Hola, soy el paquete Lenox Legends v2.0-062 | Latencia: 22.059 ms
2025-06-11 14:12:12,715 - INFO - 22.059
2025-06-11 14:12:13,716 - INFO - [2025-06-11 14:12:13.716] Enviando: Hola, soy el paquete Lenox Legends v2.0-063
2025-06-11 14:12:13,739 - INFO - [2025-06-11 14:12:13.739] Recibido del servidor: ACK: Hola, soy el paquete Lenox Legends v2.0-063 | Latencia: 23.614 ms
2025-06-11 14:12:13,739 - INFO - 23.614
2025-06-11 14:12:14,740 - INFO - [2025-06-11 14:12:14.740] Enviando: Hola, soy el paquete Lenox Legends v2.0-064
2025-06-11 14:12:14,763 - INFO - [2025-06-11 14:12:14.763] Recibido del servidor: ACK: Hola, soy el paquete Lenox Legends v2.0-064 | Latencia: 22.697 ms
2025-06-11 14:12:14,763 - INFO - 22.697
2025-06-11 14:12:15,764 - INFO - [2025-06-11 14:12:15.764] Enviando: Hola, soy el paquete Lenox Legends v2.0-065
2025-06-11 14:12:15,787 - INFO - [2025-06-11 14:12:15.787] Recibido del servidor: ACK: Hola, soy el paquete Lenox Legends v2.0-065 | Latencia: 23.430 ms
2025-06-11 14:12:15,787 - INFO - 23.430
2025-06-11 14:12:16,788 - INFO - [2025-06-11 14:12:16.787] Enviando: Hola, soy el paquete Lenox Legends v2.0-066
2025-06-11 14:12:16,812 - INFO - [2025-06-11 14:12:16.812] Recibido del servidor: ACK: Hola, soy el paquete Lenox Legends v2.0-066 | Latencia: 24.248 ms
2025-06-11 14:12:16,812 - INFO - 24.248
2025-06-11 14:12:17,813 - INFO - [2025-06-11 14:12:17.812] Enviando: Hola, soy el paquete Lenox Legends v2.0-067
2025-06-11 14:12:17,835 - INFO - [2025-06-11 14:12:17.835] Recibido del servidor: ACK: Hola, soy el paquete Lenox Legends v2.0-067 | Latencia: 22.490 ms
2025-06-11 14:12:17,835 - INFO - 22.490
2025-06-11 14:12:18,835 - INFO - [2025-06-11 14:12:18.835] Enviando: Hola, soy el paquete Lenox Legends v2.0-068
2025-06-11 14:12:18,859 - INFO - [2025-06-11 14:12:18.859] Recibido del servidor: ACK: Hola, soy el paquete Lenox Legends v2.0-068 | Latencia: 23.673 ms
2025-06-11 14:12:18,859 - INFO - 23.673
2025-06-11 14:12:19,860 - INFO - [2025-06-11 14:12:19.860] Enviando: Hola, soy el paquete Lenox Legends v2.0-069
2025-06-11 14:12:19,883 - INFO - [2025-06-11 14:12:19.883] Recibido del servidor: ACK: Hola, soy el paquete Lenox Legends v2.0-069 | Latencia: 22.890 ms
2025-06-11 14:12:19,883 - INFO - 22.890
2025-06-11 14:12:20,883 - INFO - [2025-06-11 14:12:20.883] Enviando: Hola, soy el paquete Lenox Legends v2.0-070
2025-06-11 14:12:20,907 - INFO - [2025-06-11 14:12:20.907] Recibido del servidor: ACK: Hola, soy el paquete Lenox Legends v2.0-070 | Latencia: 23.768 ms
2025-06-11 14:12:20,907 - INFO - 23.768
2025-06-11 14:12:21,908 - INFO - [2025-06-11 14:12:21.908] Enviando: Hola, soy el paquete Lenox Legends v2.0-071
2025-06-11 14:12:21,931 - INFO - [2025-06-11 14:12:21.931] Recibido del servidor: ACK: Hola, soy el paquete Lenox Legends v2.0-071 | Latencia: 23.162 ms
2025-06-11 14:12:21,931 - INFO - 23.162
2025-06-11 14:12:22,932 - INFO - [2025-06-11 14:12:22.932] Enviando: Hola, soy el paquete Lenox Legends v2.0-072
2025-06-11 14:12:22,955 - INFO - [2025-06-11 14:12:22.955] Recibido del servidor: ACK: Hola, soy el paquete Lenox Legends v2.0-072 | Latencia: 22.900 ms
2025-06-11 14:12:22,955 - INFO - 22.900
2025-06-11 14:12:23,955 - INFO - [2025-06-11 14:12:23.955] Enviando: Hola, soy el paquete Lenox Legends v2.0-073
2025-06-11 14:12:23,979 - INFO - [2025-06-11 14:12:23.979] Recibido del servidor: ACK: Hola, soy el paquete Lenox Legends v2.0-073 | Latencia: 23.726 ms
2025-06-11 14:12:23,979 - INFO - 23.726
2025-06-11 14:12:24,980 - INFO - [2025-06-11 14:12:24.980] Enviando: Hola, soy el paquete Lenox Legends v2.0-074
2025-06-11 14:12:24,983 - INFO - [2025-06-11 14:12:24.983] Recibido del servidor: ACK: Hola, soy el paquete Lenox Legends v2.0-074 | Latencia: 3.522 ms
2025-06-11 14:12:24,983 - INFO - 3.522
2025-06-11 14:12:25,984 - INFO - [2025-06-11 14:12:25.984] Enviando: Hola, soy el paquete Lenox Legends v2.0-075
2025-06-11 14:12:26,028 - INFO - [2025-06-11 14:12:26.028] Recibido del servidor: ACK: Hola, soy el paquete Lenox Legends v2.0-075 | Latencia: 44.481 ms
2025-06-11 14:12:26,028 - INFO - 44.481
2025-06-11 14:12:27,029 - INFO - [2025-06-11 14:12:27.029] Enviando: Hola, soy el paquete Lenox Legends v2.0-076
2025-06-11 14:12:27,066 - INFO - [2025-06-11 14:12:27.066] Recibido del servidor: ACK: Hola, soy el paquete Lenox Legends v2.0-076 | Latencia: 37.599 ms
2025-06-11 14:12:27,066 - INFO - 37.599
2025-06-11 14:12:28,067 - INFO - [2025-06-11 14:12:28.067] Enviando: Hola, soy el paquete Lenox Legends v2.0-077
2025-06-11 14:12:28,178 - INFO - [2025-06-11 14:12:28.178] Recibido del servidor: ACK: Hola, soy el paquete Lenox Legends v2.0-077 | Latencia: 110.800 ms
2025-06-11 14:12:28,178 - INFO - 110.800
2025-06-11 14:12:29,179 - INFO - [2025-06-11 14:12:29.179] Enviando: Hola, soy el paquete Lenox Legends v2.0-078
2025-06-11 14:12:29,201 - INFO - [2025-06-11 14:12:29.201] Recibido del servidor: ACK: Hola, soy el paquete Lenox Legends v2.0-078 | Latencia: 22.693 ms
2025-06-11 14:12:29,202 - INFO - 22.693
2025-06-11 14:12:30,202 - INFO - [2025-06-11 14:12:30.202] Enviando: Hola, soy el paquete Lenox Legends v2.0-079
2025-06-11 14:12:30,225 - INFO - [2025-06-11 14:12:30.225] Recibido del servidor: ACK: Hola, soy el paquete Lenox Legends v2.0-079 | Latencia: 23.172 ms
2025-06-11 14:12:30,225 - INFO - 23.172
2025-06-11 14:12:31,226 - INFO - [2025-06-11 14:12:31.226] Enviando: Hola, soy el paquete Lenox Legends v2.0-080
2025-06-11 14:12:31,250 - INFO - [2025-06-11 14:12:31.249] Recibido del servidor: ACK: Hola, soy el paquete Lenox Legends v2.0-080 | Latencia: 23.424 ms
2025-06-11 14:12:31,250 - INFO - 23.424
2025-06-11 14:12:32,250 - INFO - [2025-06-11 14:12:32.250] Enviando: Hola, soy el paquete Lenox Legends v2.0-081
2025-06-11 14:12:32,273 - INFO - [2025-06-11 14:12:32.273] Recibido del servidor: ACK: Hola, soy el paquete Lenox Legends v2.0-081 | Latencia: 23.263 ms
2025-06-11 14:12:32,273 - INFO - 23.263
2025-06-11 14:12:33,274 - INFO - [2025-06-11 14:12:33.274] Enviando: Hola, soy el paquete Lenox Legends v2.0-082
2025-06-11 14:12:33,298 - INFO - [2025-06-11 14:12:33.298] Recibido del servidor: ACK: Hola, soy el paquete Lenox Legends v2.0-082 | Latencia: 23.602 ms
2025-06-11 14:12:33,298 - INFO - 23.602
2025-06-11 14:12:34,299 - INFO - [2025-06-11 14:12:34.298] Enviando: Hola, soy el paquete Lenox Legends v2.0-083
2025-06-11 14:12:34,321 - INFO - [2025-06-11 14:12:34.321] Recibido del servidor: ACK: Hola, soy el paquete Lenox Legends v2.0-083 | Latencia: 22.830 ms
2025-06-11 14:12:34,321 - INFO - 22.830
2025-06-11 14:12:35,322 - INFO - [2025-06-11 14:12:35.322] Enviando: Hola, soy el paquete Lenox Legends v2.0-084
2025-06-11 14:12:35,345 - INFO - [2025-06-11 14:12:35.345] Recibido del servidor: ACK: Hola, soy el paquete Lenox Legends v2.0-084 | Latencia: 23.554 ms
2025-06-11 14:12:35,346 - INFO - 23.554
2025-06-11 14:12:36,346 - INFO - [2025-06-11 14:12:36.346] Enviando: Hola, soy el paquete Lenox Legends v2.0-085
2025-06-11 14:12:36,371 - INFO - [2025-06-11 14:12:36.371] Recibido del servidor: ACK: Hola, soy el paquete Lenox Legends v2.0-085 | Latencia: 25.156 ms
2025-06-11 14:12:36,371 - INFO - 25.156
2025-06-11 14:12:37,372 - INFO - [2025-06-11 14:12:37.372] Enviando: Hola, soy el paquete Lenox Legends v2.0-086
2025-06-11 14:12:37,394 - INFO - [2025-06-11 14:12:37.394] Recibido del servidor: ACK: Hola, soy el paquete Lenox Legends v2.0-086 | Latencia: 21.822 ms
2025-06-11 14:12:37,394 - INFO - 21.822
2025-06-11 14:12:38,394 - INFO - [2025-06-11 14:12:38.394] Enviando: Hola, soy el paquete Lenox Legends v2.0-087
2025-06-11 14:12:38,418 - INFO - [2025-06-11 14:12:38.418] Recibido del servidor: ACK: Hola, soy el paquete Lenox Legends v2.0-087 | Latencia: 23.625 ms
2025-06-11 14:12:38,418 - INFO - 23.625
2025-06-11 14:12:39,419 - INFO - [2025-06-11 14:12:39.419] Enviando: Hola, soy el paquete Lenox Legends v2.0-088
2025-06-11 14:12:39,441 - INFO - [2025-06-11 14:12:39.441] Recibido del servidor: ACK: Hola, soy el paquete Lenox Legends v2.0-088 | Latencia: 22.052 ms
2025-06-11 14:12:39,441 - INFO - 22.052
2025-06-11 14:12:40,441 - INFO - [2025-06-11 14:12:40.441] Enviando: Hola, soy el paquete Lenox Legends v2.0-089
2025-06-11 14:12:40,465 - INFO - [2025-06-11 14:12:40.465] Recibido del servidor: ACK: Hola, soy el paquete Lenox Legends v2.0-089 | Latencia: 24.137 ms
2025-06-11 14:12:40,466 - INFO - 24.137
2025-06-11 14:12:41,466 - INFO - [2025-06-11 14:12:41.466] Enviando: Hola, soy el paquete Lenox Legends v2.0-090
2025-06-11 14:12:41,470 - INFO - [2025-06-11 14:12:41.470] Recibido del servidor: ACK: Hola, soy el paquete Lenox Legends v2.0-090 | Latencia: 3.532 ms
2025-06-11 14:12:41,470 - INFO - 3.532
2025-06-11 14:12:42,470 - INFO - [2025-06-11 14:12:42.470] Enviando: Hola, soy el paquete Lenox Legends v2.0-091
2025-06-11 14:12:42,513 - INFO - [2025-06-11 14:12:42.513] Recibido del servidor: ACK: Hola, soy el paquete Lenox Legends v2.0-091 | Latencia: 42.858 ms
2025-06-11 14:12:42,513 - INFO - 42.858
2025-06-11 14:12:43,514 - INFO - [2025-06-11 14:12:43.514] Enviando: Hola, soy el paquete Lenox Legends v2.0-092
2025-06-11 14:12:43,538 - INFO - [2025-06-11 14:12:43.538] Recibido del servidor: ACK: Hola, soy el paquete Lenox Legends v2.0-092 | Latencia: 24.395 ms
2025-06-11 14:12:43,538 - INFO - 24.395
2025-06-11 14:12:44,539 - INFO - [2025-06-11 14:12:44.539] Enviando: Hola, soy el paquete Lenox Legends v2.0-093
2025-06-11 14:12:44,561 - INFO - [2025-06-11 14:12:44.561] Recibido del servidor: ACK: Hola, soy el paquete Lenox Legends v2.0-093 | Latencia: 22.253 ms
2025-06-11 14:12:44,562 - INFO - 22.253
2025-06-11 14:12:45,562 - INFO - [2025-06-11 14:12:45.562] Enviando: Hola, soy el paquete Lenox Legends v2.0-094
2025-06-11 14:12:45,585 - INFO - [2025-06-11 14:12:45.585] Recibido del servidor: ACK: Hola, soy el paquete Lenox Legends v2.0-094 | Latencia: 23.219 ms
2025-06-11 14:12:45,585 - INFO - 23.219
2025-06-11 14:12:46,586 - INFO - [2025-06-11 14:12:46.586] Enviando: Hola, soy el paquete Lenox Legends v2.0-095
2025-06-11 14:12:46,609 - INFO - [2025-06-11 14:12:46.609] Recibido del servidor: ACK: Hola, soy el paquete Lenox Legends v2.0-095 | Latencia: 23.254 ms
2025-06-11 14:12:46,609 - INFO - 23.254
2025-06-11 14:12:47,610 - INFO - [2025-06-11 14:12:47.610] Enviando: Hola, soy el paquete Lenox Legends v2.0-096
2025-06-11 14:12:47,634 - INFO - [2025-06-11 14:12:47.634] Recibido del servidor: ACK: Hola, soy el paquete Lenox Legends v2.0-096 | Latencia: 24.225 ms
2025-06-11 14:12:47,634 - INFO - 24.225
2025-06-11 14:12:48,635 - INFO - [2025-06-11 14:12:48.635] Enviando: Hola, soy el paquete Lenox Legends v2.0-097
2025-06-11 14:12:48,760 - INFO - [2025-06-11 14:12:48.760] Recibido del servidor: ACK: Hola, soy el paquete Lenox Legends v2.0-097 | Latencia: 124.777 ms
2025-06-11 14:12:48,760 - INFO - 124.777
2025-06-11 14:12:49,761 - INFO - [2025-06-11 14:12:49.760] Enviando: Hola, soy el paquete Lenox Legends v2.0-098
2025-06-11 14:12:49,784 - INFO - [2025-06-11 14:12:49.784] Recibido del servidor: ACK: Hola, soy el paquete Lenox Legends v2.0-098 | Latencia: 23.145 ms
2025-06-11 14:12:49,784 - INFO - 23.145
2025-06-11 14:12:50,785 - INFO - [2025-06-11 14:12:50.784] Enviando: Hola, soy el paquete Lenox Legends v2.0-099
2025-06-11 14:12:50,808 - INFO - [2025-06-11 14:12:50.808] Recibido del servidor: ACK: Hola, soy el paquete Lenox Legends v2.0-099 | Latencia: 23.633 ms
2025-06-11 14:12:50,808 - INFO - 23.633
2025-06-11 14:12:51,809 - INFO - [2025-06-11 14:12:51.809] Enviando: Hola, soy el paquete Lenox Legends v2.0-100
2025-06-11 14:12:51,832 - INFO - [2025-06-11 14:12:51.832] Recibido del servidor: ACK: Hola, soy el paquete Lenox Legends v2.0-100 | Latencia: 22.668 ms
2025-06-11 14:12:51,832 - INFO - 22.668
2025-06-11 14:12:51,832 - INFO - [2025-06-11 14:12:51] Cliente finalizado.
2025-06-11 14:12:51,832 - INFO - --- Estadísticas de Latencia y Jitter para 100 paquetes ---
2025-06-11 14:12:51,832 - INFO - Latencia Mínima: 3.267 ms
2025-06-11 14:12:51,832 - INFO - Latencia Máxima: 127.497 ms
2025-06-11 14:12:51,832 - INFO - Latencia Promedio: 28.214 ms
2025-06-11 14:12:51,833 - INFO - Jitter (Desviación Estándar): 24.874 ms
2025-06-11 14:12:51,833 - INFO - --------------------------------------------------
2025-06-11 14:12:51,833 - INFO - --- Estadísticas de Latencia y Jitter para 100 paquetes ---
2025-06-11 14:12:51,833 - INFO - Min: 3.267 ms
2025-06-11 14:12:51,833 - INFO - Max: 127.497 ms
2025-06-11 14:12:51,833 - INFO - Avg: 28.214 ms
2025-06-11 14:12:51,833 - INFO - Jitter (StdDev): 24.874 ms
