3.835
19.240
23.464
24.571
22.155
23.310
22.973
23.790
23.392
125.801
23.255
127.497
21.590
23.048
23.041
23.883
23.691
22.392
23.692
3.267
43.097
23.549
23.560
23.491
24.071
22.668
23.541
3.452
3.526
4.511
4.157
101.081
23.264
4.396
4.228
62.247
22.427
23.288
23.499
24.347
22.398
23.501
23.489
126.053
23.626
22.868
4.171
46.909
19.176
24.567
21.489
26.194
20.689
23.163
23.050
24.666
22.369
23.212
23.352
23.417
24.413
22.059
23.614
22.697
23.430
24.248
22.490
23.673
22.890
23.768
23.162
22.900
23.726
3.522
44.481
37.599
110.800
22.693
23.172
23.424
23.263
23.602
22.830
23.554
25.156
21.822
23.625
22.052
24.137
3.532
42.858
24.395
22.253
23.219
23.254
24.225
124.777
23.145
23.633
22.668
--- Estadísticas de Latencia y Jitter para 100 paquetes ---
Min: 3.267 ms
Max: 127.497 ms
Avg: 28.214 ms
Jitter (StdDev): 24.874 ms
