1.026
0.544
0.311
0.406
0.718
0.440
0.667
0.554
0.393
0.505
0.526
0.609
0.303
0.241
0.269
0.544
0.414
0.529
0.616
0.528
0.370
0.502
0.575
0.592
0.528
0.291
0.241
0.479
0.743
0.479
0.260
0.254
0.492
0.542
0.268
0.486
0.579
0.303
0.552
0.415
0.320
0.499
0.299
0.538
0.429
0.340
0.506
0.561
0.571
0.508
0.618
0.732
0.456
0.283
0.500
0.633
0.282
0.507
0.309
0.538
0.566
0.728
0.507
0.622
--- Estadísticas de Latencia y Jitter para 64 paquetes (TCP) ---
Min: 0.241 ms
Max: 1.026 ms
Avg: 0.484 ms
Jitter (StdDev): 0.151 ms
0.705
0.499
0.655
0.467
0.317
0.532
0.543
--- Estadísticas de Latencia y Jitter para 7 paquetes (TCP) ---
Min: 0.317 ms
Max: 0.705 ms
Avg: 0.531 ms
Jitter (StdDev): 0.127 ms
