2025-06-11 21:06:53.083 - INFO - Cliente UDP v4 listo para enviar a 192.168.1.100:65432...
2025-06-11 21:06:53.083 - INFO - Enviando: Hola, soy el paquete Lenox Legends v2.0-001
2025-06-11 21:06:55.095 - ERROR - Timeout: No se recibió ACK del servidor para el paquete Lenox Legends v2.0-001.
2025-06-11 21:06:56.096 - INFO - Enviando: Hola, soy el paquete Lenox Legends v2.0-002
2025-06-11 21:06:58.101 - ERROR - Timeout: No se recibió ACK del servidor para el paquete Lenox Legends v2.0-002.
2025-06-11 21:06:59.102 - INFO - Enviando: Hola, soy el paquete Lenox Legends v2.0-003
2025-06-11 21:07:01.102 - ERROR - Timeout: No se recibió ACK del servidor para el paquete Lenox Legends v2.0-003.
2025-06-11 21:07:02.103 - INFO - Enviando: Hola, soy el paquete Lenox Legends v2.0-004
2025-06-11 21:07:04.106 - ERROR - Timeout: No se recibió ACK del servidor para el paquete Lenox Legends v2.0-004.
2025-06-11 21:07:05.106 - INFO - Enviando: Hola, soy el paquete Lenox Legends v2.0-005
2025-06-11 21:07:07.114 - ERROR - Timeout: No se recibió ACK del servidor para el paquete Lenox Legends v2.0-005.
2025-06-11 21:07:08.115 - INFO - Enviando: Hola, soy el paquete Lenox Legends v2.0-006
2025-06-11 21:07:10.118 - ERROR - Timeout: No se recibió ACK del servidor para el paquete Lenox Legends v2.0-006.
2025-06-11 21:07:11.119 - INFO - Enviando: Hola, soy el paquete Lenox Legends v2.0-007
2025-06-11 21:07:13.133 - ERROR - Timeout: No se recibió ACK del servidor para el paquete Lenox Legends v2.0-007.
2025-06-11 21:07:14.008 - INFO - Cliente UDP finalizado.
2025-06-11 21:07:14.008 - WARNING - No se recibieron ACKs válidos para calcular latencias/jitter.
2025-06-11 21:07:19.547 - INFO - Cliente UDP v4 listo para enviar a 192.168.1.5:65432...
2025-06-11 21:07:19.548 - INFO - Enviando: Hola, soy el paquete Lenox Legends v2.0-001
2025-06-11 21:07:19.601 - INFO - Recibido ACK: ACK: Hola, soy el paquete Lenox Legends v2.0-001 | Latencia: 53.860 ms
2025-06-11 21:07:20.602 - INFO - Enviando: Hola, soy el paquete Lenox Legends v2.0-002
2025-06-11 21:07:20.621 - INFO - Recibido ACK: ACK: Hola, soy el paquete Lenox Legends v2.0-002 | Latencia: 19.162 ms
2025-06-11 21:07:21.622 - INFO - Enviando: Hola, soy el paquete Lenox Legends v2.0-003
2025-06-11 21:07:21.650 - INFO - Recibido ACK: ACK: Hola, soy el paquete Lenox Legends v2.0-003 | Latencia: 28.167 ms
2025-06-11 21:07:22.651 - INFO - Enviando: Hola, soy el paquete Lenox Legends v2.0-004
2025-06-11 21:07:22.671 - INFO - Recibido ACK: ACK: Hola, soy el paquete Lenox Legends v2.0-004 | Latencia: 20.086 ms
2025-06-11 21:07:23.671 - INFO - Enviando: Hola, soy el paquete Lenox Legends v2.0-005
2025-06-11 21:07:23.695 - INFO - Recibido ACK: ACK: Hola, soy el paquete Lenox Legends v2.0-005 | Latencia: 23.552 ms
2025-06-11 21:07:24.696 - INFO - Enviando: Hola, soy el paquete Lenox Legends v2.0-006
2025-06-11 21:07:24.718 - INFO - Recibido ACK: ACK: Hola, soy el paquete Lenox Legends v2.0-006 | Latencia: 22.331 ms
2025-06-11 21:07:25.719 - INFO - Enviando: Hola, soy el paquete Lenox Legends v2.0-007
2025-06-11 21:07:25.741 - INFO - Recibido ACK: ACK: Hola, soy el paquete Lenox Legends v2.0-007 | Latencia: 22.790 ms
2025-06-11 21:07:26.742 - INFO - Enviando: Hola, soy el paquete Lenox Legends v2.0-008
2025-06-11 21:07:26.767 - INFO - Recibido ACK: ACK: Hola, soy el paquete Lenox Legends v2.0-008 | Latencia: 24.514 ms
2025-06-11 21:07:27.767 - INFO - Enviando: Hola, soy el paquete Lenox Legends v2.0-009
2025-06-11 21:07:27.893 - INFO - Recibido ACK: ACK: Hola, soy el paquete Lenox Legends v2.0-009 | Latencia: 125.955 ms
2025-06-11 21:07:28.894 - INFO - Enviando: Hola, soy el paquete Lenox Legends v2.0-010
2025-06-11 21:07:28.916 - INFO - Recibido ACK: ACK: Hola, soy el paquete Lenox Legends v2.0-010 | Latencia: 22.614 ms
2025-06-11 21:07:29.917 - INFO - Enviando: Hola, soy el paquete Lenox Legends v2.0-011
2025-06-11 21:07:29.940 - INFO - Recibido ACK: ACK: Hola, soy el paquete Lenox Legends v2.0-011 | Latencia: 22.980 ms
2025-06-11 21:07:30.941 - INFO - Enviando: Hola, soy el paquete Lenox Legends v2.0-012
2025-06-11 21:07:30.964 - INFO - Recibido ACK: ACK: Hola, soy el paquete Lenox Legends v2.0-012 | Latencia: 23.283 ms
2025-06-11 21:07:31.964 - INFO - Enviando: Hola, soy el paquete Lenox Legends v2.0-013
2025-06-11 21:07:31.988 - INFO - Recibido ACK: ACK: Hola, soy el paquete Lenox Legends v2.0-013 | Latencia: 24.142 ms
2025-06-11 21:07:32.989 - INFO - Enviando: Hola, soy el paquete Lenox Legends v2.0-014
2025-06-11 21:07:33.012 - INFO - Recibido ACK: ACK: Hola, soy el paquete Lenox Legends v2.0-014 | Latencia: 22.582 ms
2025-06-11 21:07:34.013 - INFO - Enviando: Hola, soy el paquete Lenox Legends v2.0-015
2025-06-11 21:07:34.037 - INFO - Recibido ACK: ACK: Hola, soy el paquete Lenox Legends v2.0-015 | Latencia: 24.688 ms
2025-06-11 21:07:35.038 - INFO - Enviando: Hola, soy el paquete Lenox Legends v2.0-016
2025-06-11 21:07:35.061 - INFO - Recibido ACK: ACK: Hola, soy el paquete Lenox Legends v2.0-016 | Latencia: 23.154 ms
2025-06-11 21:07:36.062 - INFO - Enviando: Hola, soy el paquete Lenox Legends v2.0-017
2025-06-11 21:07:36.085 - INFO - Recibido ACK: ACK: Hola, soy el paquete Lenox Legends v2.0-017 | Latencia: 23.044 ms
2025-06-11 21:07:37.085 - INFO - Enviando: Hola, soy el paquete Lenox Legends v2.0-018
2025-06-11 21:07:37.108 - INFO - Recibido ACK: ACK: Hola, soy el paquete Lenox Legends v2.0-018 | Latencia: 22.803 ms
2025-06-11 21:07:38.109 - INFO - Enviando: Hola, soy el paquete Lenox Legends v2.0-019
2025-06-11 21:07:38.132 - INFO - Recibido ACK: ACK: Hola, soy el paquete Lenox Legends v2.0-019 | Latencia: 23.087 ms
2025-06-11 21:07:39.132 - INFO - Enviando: Hola, soy el paquete Lenox Legends v2.0-020
2025-06-11 21:07:39.136 - INFO - Recibido ACK: ACK: Hola, soy el paquete Lenox Legends v2.0-020 | Latencia: 3.791 ms
2025-06-11 21:07:40.137 - INFO - Enviando: Hola, soy el paquete Lenox Legends v2.0-021
2025-06-11 21:07:40.181 - INFO - Recibido ACK: ACK: Hola, soy el paquete Lenox Legends v2.0-021 | Latencia: 44.146 ms
2025-06-11 21:07:41.181 - INFO - Enviando: Hola, soy el paquete Lenox Legends v2.0-022
2025-06-11 21:07:41.204 - INFO - Recibido ACK: ACK: Hola, soy el paquete Lenox Legends v2.0-022 | Latencia: 22.864 ms
2025-06-11 21:07:42.205 - INFO - Enviando: Hola, soy el paquete Lenox Legends v2.0-023
2025-06-11 21:07:42.228 - INFO - Recibido ACK: ACK: Hola, soy el paquete Lenox Legends v2.0-023 | Latencia: 23.505 ms
2025-06-11 21:07:43.228 - INFO - Enviando: Hola, soy el paquete Lenox Legends v2.0-024
2025-06-11 21:07:43.252 - INFO - Recibido ACK: ACK: Hola, soy el paquete Lenox Legends v2.0-024 | Latencia: 23.354 ms
2025-06-11 21:07:44.253 - INFO - Enviando: Hola, soy el paquete Lenox Legends v2.0-025
2025-06-11 21:07:44.276 - INFO - Recibido ACK: ACK: Hola, soy el paquete Lenox Legends v2.0-025 | Latencia: 23.359 ms
2025-06-11 21:07:45.277 - INFO - Enviando: Hola, soy el paquete Lenox Legends v2.0-026
2025-06-11 21:07:45.300 - INFO - Recibido ACK: ACK: Hola, soy el paquete Lenox Legends v2.0-026 | Latencia: 23.062 ms
2025-06-11 21:07:46.300 - INFO - Enviando: Hola, soy el paquete Lenox Legends v2.0-027
2025-06-11 21:07:46.324 - INFO - Recibido ACK: ACK: Hola, soy el paquete Lenox Legends v2.0-027 | Latencia: 23.872 ms
2025-06-11 21:07:47.325 - INFO - Enviando: Hola, soy el paquete Lenox Legends v2.0-028
2025-06-11 21:07:47.348 - INFO - Recibido ACK: ACK: Hola, soy el paquete Lenox Legends v2.0-028 | Latencia: 22.651 ms
2025-06-11 21:07:48.348 - INFO - Enviando: Hola, soy el paquete Lenox Legends v2.0-029
2025-06-11 21:07:48.373 - INFO - Recibido ACK: ACK: Hola, soy el paquete Lenox Legends v2.0-029 | Latencia: 24.717 ms
2025-06-11 21:07:49.373 - INFO - Enviando: Hola, soy el paquete Lenox Legends v2.0-030
2025-06-11 21:07:49.397 - INFO - Recibido ACK: ACK: Hola, soy el paquete Lenox Legends v2.0-030 | Latencia: 24.423 ms
2025-06-11 21:07:50.398 - INFO - Enviando: Hola, soy el paquete Lenox Legends v2.0-031
2025-06-11 21:07:50.420 - INFO - Recibido ACK: ACK: Hola, soy el paquete Lenox Legends v2.0-031 | Latencia: 22.011 ms
2025-06-11 21:07:51.421 - INFO - Enviando: Hola, soy el paquete Lenox Legends v2.0-032
2025-06-11 21:07:51.546 - INFO - Recibido ACK: ACK: Hola, soy el paquete Lenox Legends v2.0-032 | Latencia: 125.266 ms
2025-06-11 21:07:52.546 - INFO - Enviando: Hola, soy el paquete Lenox Legends v2.0-033
2025-06-11 21:07:52.570 - INFO - Recibido ACK: ACK: Hola, soy el paquete Lenox Legends v2.0-033 | Latencia: 23.635 ms
2025-06-11 21:07:53.571 - INFO - Enviando: Hola, soy el paquete Lenox Legends v2.0-034
2025-06-11 21:07:53.595 - INFO - Recibido ACK: ACK: Hola, soy el paquete Lenox Legends v2.0-034 | Latencia: 24.348 ms
2025-06-11 21:07:54.596 - INFO - Enviando: Hola, soy el paquete Lenox Legends v2.0-035
2025-06-11 21:07:54.720 - INFO - Recibido ACK: ACK: Hola, soy el paquete Lenox Legends v2.0-035 | Latencia: 124.619 ms
2025-06-11 21:07:55.721 - INFO - Enviando: Hola, soy el paquete Lenox Legends v2.0-036
2025-06-11 21:07:55.745 - INFO - Recibido ACK: ACK: Hola, soy el paquete Lenox Legends v2.0-036 | Latencia: 23.765 ms
2025-06-11 21:07:56.746 - INFO - Enviando: Hola, soy el paquete Lenox Legends v2.0-037
2025-06-11 21:07:56.769 - INFO - Recibido ACK: ACK: Hola, soy el paquete Lenox Legends v2.0-037 | Latencia: 23.072 ms
2025-06-11 21:07:57.769 - INFO - Enviando: Hola, soy el paquete Lenox Legends v2.0-038
2025-06-11 21:07:57.792 - INFO - Recibido ACK: ACK: Hola, soy el paquete Lenox Legends v2.0-038 | Latencia: 23.191 ms
2025-06-11 21:07:58.793 - INFO - Enviando: Hola, soy el paquete Lenox Legends v2.0-039
2025-06-11 21:07:58.816 - INFO - Recibido ACK: ACK: Hola, soy el paquete Lenox Legends v2.0-039 | Latencia: 23.254 ms
2025-06-11 21:07:59.817 - INFO - Enviando: Hola, soy el paquete Lenox Legends v2.0-040
2025-06-11 21:07:59.840 - INFO - Recibido ACK: ACK: Hola, soy el paquete Lenox Legends v2.0-040 | Latencia: 23.203 ms
2025-06-11 21:08:00.841 - INFO - Enviando: Hola, soy el paquete Lenox Legends v2.0-041
2025-06-11 21:08:00.864 - INFO - Recibido ACK: ACK: Hola, soy el paquete Lenox Legends v2.0-041 | Latencia: 23.404 ms
2025-06-11 21:08:01.865 - INFO - Enviando: Hola, soy el paquete Lenox Legends v2.0-042
2025-06-11 21:08:01.888 - INFO - Recibido ACK: ACK: Hola, soy el paquete Lenox Legends v2.0-042 | Latencia: 23.351 ms
2025-06-11 21:08:02.889 - INFO - Enviando: Hola, soy el paquete Lenox Legends v2.0-043
2025-06-11 21:08:02.913 - INFO - Recibido ACK: ACK: Hola, soy el paquete Lenox Legends v2.0-043 | Latencia: 24.247 ms
2025-06-11 21:08:03.914 - INFO - Enviando: Hola, soy el paquete Lenox Legends v2.0-044
2025-06-11 21:08:03.936 - INFO - Recibido ACK: ACK: Hola, soy el paquete Lenox Legends v2.0-044 | Latencia: 22.468 ms
2025-06-11 21:08:04.937 - INFO - Enviando: Hola, soy el paquete Lenox Legends v2.0-045
2025-06-11 21:08:04.960 - INFO - Recibido ACK: ACK: Hola, soy el paquete Lenox Legends v2.0-045 | Latencia: 23.478 ms
2025-06-11 21:08:05.961 - INFO - Enviando: Hola, soy el paquete Lenox Legends v2.0-046
2025-06-11 21:08:05.984 - INFO - Recibido ACK: ACK: Hola, soy el paquete Lenox Legends v2.0-046 | Latencia: 23.322 ms
2025-06-11 21:08:06.985 - INFO - Enviando: Hola, soy el paquete Lenox Legends v2.0-047
2025-06-11 21:08:07.008 - INFO - Recibido ACK: ACK: Hola, soy el paquete Lenox Legends v2.0-047 | Latencia: 23.317 ms
2025-06-11 21:08:08.009 - INFO - Enviando: Hola, soy el paquete Lenox Legends v2.0-048
2025-06-11 21:08:08.032 - INFO - Recibido ACK: ACK: Hola, soy el paquete Lenox Legends v2.0-048 | Latencia: 23.184 ms
2025-06-11 21:08:09.033 - INFO - Enviando: Hola, soy el paquete Lenox Legends v2.0-049
2025-06-11 21:08:09.056 - INFO - Recibido ACK: ACK: Hola, soy el paquete Lenox Legends v2.0-049 | Latencia: 23.509 ms
2025-06-11 21:08:10.057 - INFO - Enviando: Hola, soy el paquete Lenox Legends v2.0-050
2025-06-11 21:08:10.184 - INFO - Recibido ACK: ACK: Hola, soy el paquete Lenox Legends v2.0-050 | Latencia: 127.153 ms
2025-06-11 21:08:11.185 - INFO - Enviando: Hola, soy el paquete Lenox Legends v2.0-051
2025-06-11 21:08:11.207 - INFO - Recibido ACK: ACK: Hola, soy el paquete Lenox Legends v2.0-051 | Latencia: 22.137 ms
2025-06-11 21:08:12.208 - INFO - Enviando: Hola, soy el paquete Lenox Legends v2.0-052
2025-06-11 21:08:12.231 - INFO - Recibido ACK: ACK: Hola, soy el paquete Lenox Legends v2.0-052 | Latencia: 23.334 ms
2025-06-11 21:08:13.232 - INFO - Enviando: Hola, soy el paquete Lenox Legends v2.0-053
2025-06-11 21:08:13.255 - INFO - Recibido ACK: ACK: Hola, soy el paquete Lenox Legends v2.0-053 | Latencia: 23.006 ms
2025-06-11 21:08:14.255 - INFO - Enviando: Hola, soy el paquete Lenox Legends v2.0-054
2025-06-11 21:08:14.279 - INFO - Recibido ACK: ACK: Hola, soy el paquete Lenox Legends v2.0-054 | Latencia: 23.498 ms
2025-06-11 21:08:15.279 - INFO - Enviando: Hola, soy el paquete Lenox Legends v2.0-055
2025-06-11 21:08:15.307 - INFO - Recibido ACK: ACK: Hola, soy el paquete Lenox Legends v2.0-055 | Latencia: 27.173 ms
2025-06-11 21:08:16.308 - INFO - Enviando: Hola, soy el paquete Lenox Legends v2.0-056
2025-06-11 21:08:16.330 - INFO - Recibido ACK: ACK: Hola, soy el paquete Lenox Legends v2.0-056 | Latencia: 22.868 ms
2025-06-11 21:08:17.331 - INFO - Enviando: Hola, soy el paquete Lenox Legends v2.0-057
2025-06-11 21:08:17.351 - INFO - Recibido ACK: ACK: Hola, soy el paquete Lenox Legends v2.0-057 | Latencia: 19.495 ms
2025-06-11 21:08:18.351 - INFO - Enviando: Hola, soy el paquete Lenox Legends v2.0-058
2025-06-11 21:08:18.356 - INFO - Recibido ACK: ACK: Hola, soy el paquete Lenox Legends v2.0-058 | Latencia: 4.583 ms
2025-06-11 21:08:19.357 - INFO - Enviando: Hola, soy el paquete Lenox Legends v2.0-059
2025-06-11 21:08:19.401 - INFO - Recibido ACK: ACK: Hola, soy el paquete Lenox Legends v2.0-059 | Latencia: 44.851 ms
2025-06-11 21:08:20.402 - INFO - Enviando: Hola, soy el paquete Lenox Legends v2.0-060
2025-06-11 21:08:20.423 - INFO - Recibido ACK: ACK: Hola, soy el paquete Lenox Legends v2.0-060 | Latencia: 20.586 ms
2025-06-11 21:08:21.423 - INFO - Enviando: Hola, soy el paquete Lenox Legends v2.0-061
2025-06-11 21:08:21.447 - INFO - Recibido ACK: ACK: Hola, soy el paquete Lenox Legends v2.0-061 | Latencia: 23.863 ms
2025-06-11 21:08:22.448 - INFO - Enviando: Hola, soy el paquete Lenox Legends v2.0-062
2025-06-11 21:08:22.471 - INFO - Recibido ACK: ACK: Hola, soy el paquete Lenox Legends v2.0-062 | Latencia: 22.943 ms
2025-06-11 21:08:23.471 - INFO - Enviando: Hola, soy el paquete Lenox Legends v2.0-063
2025-06-11 21:08:23.476 - INFO - Recibido ACK: ACK: Hola, soy el paquete Lenox Legends v2.0-063 | Latencia: 4.692 ms
2025-06-11 21:08:24.477 - INFO - Enviando: Hola, soy el paquete Lenox Legends v2.0-064
2025-06-11 21:08:24.519 - INFO - Recibido ACK: ACK: Hola, soy el paquete Lenox Legends v2.0-064 | Latencia: 41.855 ms
2025-06-11 21:08:25.519 - INFO - Enviando: Hola, soy el paquete Lenox Legends v2.0-065
2025-06-11 21:08:25.543 - INFO - Recibido ACK: ACK: Hola, soy el paquete Lenox Legends v2.0-065 | Latencia: 23.546 ms
2025-06-11 21:08:26.543 - INFO - Enviando: Hola, soy el paquete Lenox Legends v2.0-066
2025-06-11 21:08:26.567 - INFO - Recibido ACK: ACK: Hola, soy el paquete Lenox Legends v2.0-066 | Latencia: 24.126 ms
2025-06-11 21:08:27.568 - INFO - Enviando: Hola, soy el paquete Lenox Legends v2.0-067
2025-06-11 21:08:27.695 - INFO - Recibido ACK: ACK: Hola, soy el paquete Lenox Legends v2.0-067 | Latencia: 127.540 ms
2025-06-11 21:08:28.696 - INFO - Enviando: Hola, soy el paquete Lenox Legends v2.0-068
2025-06-11 21:08:28.718 - INFO - Recibido ACK: ACK: Hola, soy el paquete Lenox Legends v2.0-068 | Latencia: 21.844 ms
2025-06-11 21:08:29.719 - INFO - Enviando: Hola, soy el paquete Lenox Legends v2.0-069
2025-06-11 21:08:29.741 - INFO - Recibido ACK: ACK: Hola, soy el paquete Lenox Legends v2.0-069 | Latencia: 22.545 ms
2025-06-11 21:08:30.742 - INFO - Enviando: Hola, soy el paquete Lenox Legends v2.0-070
2025-06-11 21:08:30.765 - INFO - Recibido ACK: ACK: Hola, soy el paquete Lenox Legends v2.0-070 | Latencia: 23.430 ms
2025-06-11 21:08:31.766 - INFO - Enviando: Hola, soy el paquete Lenox Legends v2.0-071
2025-06-11 21:08:31.789 - INFO - Recibido ACK: ACK: Hola, soy el paquete Lenox Legends v2.0-071 | Latencia: 23.336 ms
2025-06-11 21:08:32.789 - INFO - Enviando: Hola, soy el paquete Lenox Legends v2.0-072
2025-06-11 21:08:32.813 - INFO - Recibido ACK: ACK: Hola, soy el paquete Lenox Legends v2.0-072 | Latencia: 23.576 ms
2025-06-11 21:08:33.813 - INFO - Enviando: Hola, soy el paquete Lenox Legends v2.0-073
2025-06-11 21:08:33.838 - INFO - Recibido ACK: ACK: Hola, soy el paquete Lenox Legends v2.0-073 | Latencia: 24.806 ms
2025-06-11 21:08:34.839 - INFO - Enviando: Hola, soy el paquete Lenox Legends v2.0-074
2025-06-11 21:08:34.862 - INFO - Recibido ACK: ACK: Hola, soy el paquete Lenox Legends v2.0-074 | Latencia: 22.725 ms
2025-06-11 21:08:35.862 - INFO - Enviando: Hola, soy el paquete Lenox Legends v2.0-075
2025-06-11 21:08:35.885 - INFO - Recibido ACK: ACK: Hola, soy el paquete Lenox Legends v2.0-075 | Latencia: 23.004 ms
2025-06-11 21:08:36.886 - INFO - Enviando: Hola, soy el paquete Lenox Legends v2.0-076
2025-06-11 21:08:36.910 - INFO - Recibido ACK: ACK: Hola, soy el paquete Lenox Legends v2.0-076 | Latencia: 23.513 ms
2025-06-11 21:08:37.911 - INFO - Enviando: Hola, soy el paquete Lenox Legends v2.0-077
2025-06-11 21:08:37.933 - INFO - Recibido ACK: ACK: Hola, soy el paquete Lenox Legends v2.0-077 | Latencia: 22.452 ms
2025-06-11 21:08:38.934 - INFO - Enviando: Hola, soy el paquete Lenox Legends v2.0-078
2025-06-11 21:08:38.957 - INFO - Recibido ACK: ACK: Hola, soy el paquete Lenox Legends v2.0-078 | Latencia: 23.423 ms
2025-06-11 21:08:39.958 - INFO - Enviando: Hola, soy el paquete Lenox Legends v2.0-079
2025-06-11 21:08:39.981 - INFO - Recibido ACK: ACK: Hola, soy el paquete Lenox Legends v2.0-079 | Latencia: 23.462 ms
2025-06-11 21:08:40.982 - INFO - Enviando: Hola, soy el paquete Lenox Legends v2.0-080
2025-06-11 21:08:41.006 - INFO - Recibido ACK: ACK: Hola, soy el paquete Lenox Legends v2.0-080 | Latencia: 24.224 ms
2025-06-11 21:08:42.006 - INFO - Enviando: Hola, soy el paquete Lenox Legends v2.0-081
2025-06-11 21:08:42.030 - INFO - Recibido ACK: ACK: Hola, soy el paquete Lenox Legends v2.0-081 | Latencia: 23.632 ms
2025-06-11 21:08:43.031 - INFO - Enviando: Hola, soy el paquete Lenox Legends v2.0-082
2025-06-11 21:08:43.053 - INFO - Recibido ACK: ACK: Hola, soy el paquete Lenox Legends v2.0-082 | Latencia: 22.351 ms
2025-06-11 21:08:44.054 - INFO - Enviando: Hola, soy el paquete Lenox Legends v2.0-083
2025-06-11 21:08:44.077 - INFO - Recibido ACK: ACK: Hola, soy el paquete Lenox Legends v2.0-083 | Latencia: 23.581 ms
2025-06-11 21:08:45.078 - INFO - Enviando: Hola, soy el paquete Lenox Legends v2.0-084
2025-06-11 21:08:45.101 - INFO - Recibido ACK: ACK: Hola, soy el paquete Lenox Legends v2.0-084 | Latencia: 23.313 ms
2025-06-11 21:08:46.102 - INFO - Enviando: Hola, soy el paquete Lenox Legends v2.0-085
2025-06-11 21:08:46.125 - INFO - Recibido ACK: ACK: Hola, soy el paquete Lenox Legends v2.0-085 | Latencia: 23.065 ms
2025-06-11 21:08:47.125 - INFO - Enviando: Hola, soy el paquete Lenox Legends v2.0-086
2025-06-11 21:08:47.149 - INFO - Recibido ACK: ACK: Hola, soy el paquete Lenox Legends v2.0-086 | Latencia: 23.505 ms
2025-06-11 21:08:48.150 - INFO - Enviando: Hola, soy el paquete Lenox Legends v2.0-087
2025-06-11 21:08:48.173 - INFO - Recibido ACK: ACK: Hola, soy el paquete Lenox Legends v2.0-087 | Latencia: 23.681 ms
2025-06-11 21:08:49.174 - INFO - Enviando: Hola, soy el paquete Lenox Legends v2.0-088
2025-06-11 21:08:49.197 - INFO - Recibido ACK: ACK: Hola, soy el paquete Lenox Legends v2.0-088 | Latencia: 22.932 ms
2025-06-11 21:08:50.198 - INFO - Enviando: Hola, soy el paquete Lenox Legends v2.0-089
2025-06-11 21:08:50.221 - INFO - Recibido ACK: ACK: Hola, soy el paquete Lenox Legends v2.0-089 | Latencia: 23.211 ms
2025-06-11 21:08:51.222 - INFO - Enviando: Hola, soy el paquete Lenox Legends v2.0-090
2025-06-11 21:08:51.245 - INFO - Recibido ACK: ACK: Hola, soy el paquete Lenox Legends v2.0-090 | Latencia: 23.472 ms
2025-06-11 21:08:52.246 - INFO - Enviando: Hola, soy el paquete Lenox Legends v2.0-091
2025-06-11 21:08:52.269 - INFO - Recibido ACK: ACK: Hola, soy el paquete Lenox Legends v2.0-091 | Latencia: 23.450 ms
2025-06-11 21:08:53.269 - INFO - Enviando: Hola, soy el paquete Lenox Legends v2.0-092
2025-06-11 21:08:53.293 - INFO - Recibido ACK: ACK: Hola, soy el paquete Lenox Legends v2.0-092 | Latencia: 23.713 ms
2025-06-11 21:08:54.294 - INFO - Enviando: Hola, soy el paquete Lenox Legends v2.0-093
2025-06-11 21:08:54.317 - INFO - Recibido ACK: ACK: Hola, soy el paquete Lenox Legends v2.0-093 | Latencia: 23.265 ms
2025-06-11 21:08:55.317 - INFO - Enviando: Hola, soy el paquete Lenox Legends v2.0-094
2025-06-11 21:08:55.341 - INFO - Recibido ACK: ACK: Hola, soy el paquete Lenox Legends v2.0-094 | Latencia: 23.610 ms
2025-06-11 21:08:56.341 - INFO - Enviando: Hola, soy el paquete Lenox Legends v2.0-095
2025-06-11 21:08:56.365 - INFO - Recibido ACK: ACK: Hola, soy el paquete Lenox Legends v2.0-095 | Latencia: 23.727 ms
2025-06-11 21:08:57.366 - INFO - Enviando: Hola, soy el paquete Lenox Legends v2.0-096
2025-06-11 21:08:57.389 - INFO - Recibido ACK: ACK: Hola, soy el paquete Lenox Legends v2.0-096 | Latencia: 23.404 ms
2025-06-11 21:08:58.390 - INFO - Enviando: Hola, soy el paquete Lenox Legends v2.0-097
2025-06-11 21:08:58.413 - INFO - Recibido ACK: ACK: Hola, soy el paquete Lenox Legends v2.0-097 | Latencia: 23.832 ms
2025-06-11 21:08:59.414 - INFO - Enviando: Hola, soy el paquete Lenox Legends v2.0-098
2025-06-11 21:08:59.437 - INFO - Recibido ACK: ACK: Hola, soy el paquete Lenox Legends v2.0-098 | Latencia: 23.130 ms
2025-06-11 21:09:00.437 - INFO - Enviando: Hola, soy el paquete Lenox Legends v2.0-099
2025-06-11 21:09:00.461 - INFO - Recibido ACK: ACK: Hola, soy el paquete Lenox Legends v2.0-099 | Latencia: 23.452 ms
2025-06-11 21:09:01.462 - INFO - Enviando: Hola, soy el paquete Lenox Legends v2.0-100
2025-06-11 21:09:01.485 - INFO - Recibido ACK: ACK: Hola, soy el paquete Lenox Legends v2.0-100 | Latencia: 23.545 ms
2025-06-11 21:09:01.485 - INFO - Cliente UDP finalizado.
2025-06-11 21:09:01.487 - INFO - --- Estadísticas de Latencia y Jitter para 100 paquetes (UDP) ---
2025-06-11 21:09:01.487 - INFO - Latencia Mínima: 3.791 ms
2025-06-11 21:09:01.487 - INFO - Latencia Máxima: 127.540 ms
2025-06-11 21:09:01.487 - INFO - Latencia Promedio: 28.766 ms
2025-06-11 21:09:01.487 - INFO - Jitter (Desviación Estándar): 23.189 ms
2025-06-11 21:09:01.487 - INFO - --------------------------------------------------
2025-06-11 21:14:33.476 - INFO - Cliente UDP v4 listo para enviar a 192.168.1.5:65432...
2025-06-11 21:14:33.476 - INFO - Enviando: Hola, soy el paquete Lenox Legends v2.0-001
2025-06-11 21:14:33.568 - INFO - Recibido ACK: ACK: Hola, soy el paquete Lenox Legends v2.0-001 | Latencia: 91.349 ms
2025-06-11 21:14:34.568 - INFO - Enviando: Hola, soy el paquete Lenox Legends v2.0-002
2025-06-11 21:14:34.572 - INFO - Recibido ACK: ACK: Hola, soy el paquete Lenox Legends v2.0-002 | Latencia: 3.577 ms
2025-06-11 21:14:35.572 - INFO - Enviando: Hola, soy el paquete Lenox Legends v2.0-003
2025-06-11 21:14:35.615 - INFO - Recibido ACK: ACK: Hola, soy el paquete Lenox Legends v2.0-003 | Latencia: 43.030 ms
2025-06-11 21:14:36.616 - INFO - Enviando: Hola, soy el paquete Lenox Legends v2.0-004
2025-06-11 21:14:36.640 - INFO - Recibido ACK: ACK: Hola, soy el paquete Lenox Legends v2.0-004 | Latencia: 24.482 ms
2025-06-11 21:14:37.641 - INFO - Enviando: Hola, soy el paquete Lenox Legends v2.0-005
2025-06-11 21:14:37.663 - INFO - Recibido ACK: ACK: Hola, soy el paquete Lenox Legends v2.0-005 | Latencia: 22.784 ms
2025-06-11 21:14:38.664 - INFO - Enviando: Hola, soy el paquete Lenox Legends v2.0-006
2025-06-11 21:14:38.687 - INFO - Recibido ACK: ACK: Hola, soy el paquete Lenox Legends v2.0-006 | Latencia: 23.089 ms
2025-06-11 21:14:39.688 - INFO - Enviando: Hola, soy el paquete Lenox Legends v2.0-007
2025-06-11 21:14:39.711 - INFO - Recibido ACK: ACK: Hola, soy el paquete Lenox Legends v2.0-007 | Latencia: 23.740 ms
2025-06-11 21:14:40.712 - INFO - Enviando: Hola, soy el paquete Lenox Legends v2.0-008
2025-06-11 21:14:40.737 - INFO - Recibido ACK: ACK: Hola, soy el paquete Lenox Legends v2.0-008 | Latencia: 24.726 ms
2025-06-11 21:14:41.737 - INFO - Enviando: Hola, soy el paquete Lenox Legends v2.0-009
2025-06-11 21:14:41.760 - INFO - Recibido ACK: ACK: Hola, soy el paquete Lenox Legends v2.0-009 | Latencia: 22.657 ms
2025-06-11 21:14:42.761 - INFO - Enviando: Hola, soy el paquete Lenox Legends v2.0-010
2025-06-11 21:14:42.783 - INFO - Recibido ACK: ACK: Hola, soy el paquete Lenox Legends v2.0-010 | Latencia: 22.256 ms
2025-06-11 21:14:43.784 - INFO - Enviando: Hola, soy el paquete Lenox Legends v2.0-011
2025-06-11 21:14:43.807 - INFO - Recibido ACK: ACK: Hola, soy el paquete Lenox Legends v2.0-011 | Latencia: 23.431 ms
2025-06-11 21:14:44.808 - INFO - Enviando: Hola, soy el paquete Lenox Legends v2.0-012
2025-06-11 21:14:44.832 - INFO - Recibido ACK: ACK: Hola, soy el paquete Lenox Legends v2.0-012 | Latencia: 24.009 ms
2025-06-11 21:14:45.832 - INFO - Enviando: Hola, soy el paquete Lenox Legends v2.0-013
2025-06-11 21:14:45.857 - INFO - Recibido ACK: ACK: Hola, soy el paquete Lenox Legends v2.0-013 | Latencia: 24.619 ms
2025-06-11 21:14:46.858 - INFO - Enviando: Hola, soy el paquete Lenox Legends v2.0-014
2025-06-11 21:14:46.881 - INFO - Recibido ACK: ACK: Hola, soy el paquete Lenox Legends v2.0-014 | Latencia: 22.990 ms
2025-06-11 21:14:47.881 - INFO - Enviando: Hola, soy el paquete Lenox Legends v2.0-015
2025-06-11 21:14:47.903 - INFO - Recibido ACK: ACK: Hola, soy el paquete Lenox Legends v2.0-015 | Latencia: 21.899 ms
2025-06-11 21:14:48.904 - INFO - Enviando: Hola, soy el paquete Lenox Legends v2.0-016
2025-06-11 21:14:48.927 - INFO - Recibido ACK: ACK: Hola, soy el paquete Lenox Legends v2.0-016 | Latencia: 23.480 ms
2025-06-11 21:14:49.928 - INFO - Enviando: Hola, soy el paquete Lenox Legends v2.0-017
2025-06-11 21:14:49.956 - INFO - Recibido ACK: ACK: Hola, soy el paquete Lenox Legends v2.0-017 | Latencia: 28.313 ms
2025-06-11 21:14:50.957 - INFO - Enviando: Hola, soy el paquete Lenox Legends v2.0-018
2025-06-11 21:14:50.975 - INFO - Recibido ACK: ACK: Hola, soy el paquete Lenox Legends v2.0-018 | Latencia: 18.595 ms
2025-06-11 21:14:51.976 - INFO - Enviando: Hola, soy el paquete Lenox Legends v2.0-019
2025-06-11 21:14:51.999 - INFO - Recibido ACK: ACK: Hola, soy el paquete Lenox Legends v2.0-019 | Latencia: 23.502 ms
2025-06-11 21:14:53.000 - INFO - Enviando: Hola, soy el paquete Lenox Legends v2.0-020
2025-06-11 21:14:53.023 - INFO - Recibido ACK: ACK: Hola, soy el paquete Lenox Legends v2.0-020 | Latencia: 23.583 ms
2025-06-11 21:14:54.024 - INFO - Enviando: Hola, soy el paquete Lenox Legends v2.0-021
2025-06-11 21:14:54.047 - INFO - Recibido ACK: ACK: Hola, soy el paquete Lenox Legends v2.0-021 | Latencia: 23.539 ms
2025-06-11 21:14:55.047 - INFO - Enviando: Hola, soy el paquete Lenox Legends v2.0-022
2025-06-11 21:14:55.071 - INFO - Recibido ACK: ACK: Hola, soy el paquete Lenox Legends v2.0-022 | Latencia: 23.825 ms
2025-06-11 21:14:56.072 - INFO - Enviando: Hola, soy el paquete Lenox Legends v2.0-023
2025-06-11 21:14:56.096 - INFO - Recibido ACK: ACK: Hola, soy el paquete Lenox Legends v2.0-023 | Latencia: 24.250 ms
2025-06-11 21:14:57.097 - INFO - Enviando: Hola, soy el paquete Lenox Legends v2.0-024
2025-06-11 21:14:57.119 - INFO - Recibido ACK: ACK: Hola, soy el paquete Lenox Legends v2.0-024 | Latencia: 22.308 ms
2025-06-11 21:14:58.120 - INFO - Enviando: Hola, soy el paquete Lenox Legends v2.0-025
2025-06-11 21:14:58.143 - INFO - Recibido ACK: ACK: Hola, soy el paquete Lenox Legends v2.0-025 | Latencia: 23.437 ms
2025-06-11 21:14:59.144 - INFO - Enviando: Hola, soy el paquete Lenox Legends v2.0-026
2025-06-11 21:14:59.167 - INFO - Recibido ACK: ACK: Hola, soy el paquete Lenox Legends v2.0-026 | Latencia: 23.410 ms
2025-06-11 21:15:00.168 - INFO - Enviando: Hola, soy el paquete Lenox Legends v2.0-027
2025-06-11 21:15:00.191 - INFO - Recibido ACK: ACK: Hola, soy el paquete Lenox Legends v2.0-027 | Latencia: 23.398 ms
2025-06-11 21:15:01.192 - INFO - Enviando: Hola, soy el paquete Lenox Legends v2.0-028
2025-06-11 21:15:01.215 - INFO - Recibido ACK: ACK: Hola, soy el paquete Lenox Legends v2.0-028 | Latencia: 23.348 ms
2025-06-11 21:15:02.216 - INFO - Enviando: Hola, soy el paquete Lenox Legends v2.0-029
2025-06-11 21:15:02.239 - INFO - Recibido ACK: ACK: Hola, soy el paquete Lenox Legends v2.0-029 | Latencia: 23.501 ms
2025-06-11 21:15:03.240 - INFO - Enviando: Hola, soy el paquete Lenox Legends v2.0-030
2025-06-11 21:15:03.263 - INFO - Recibido ACK: ACK: Hola, soy el paquete Lenox Legends v2.0-030 | Latencia: 23.563 ms
2025-06-11 21:15:04.264 - INFO - Enviando: Hola, soy el paquete Lenox Legends v2.0-031
2025-06-11 21:15:04.287 - INFO - Recibido ACK: ACK: Hola, soy el paquete Lenox Legends v2.0-031 | Latencia: 23.528 ms
2025-06-11 21:15:05.288 - INFO - Enviando: Hola, soy el paquete Lenox Legends v2.0-032
2025-06-11 21:15:05.311 - INFO - Recibido ACK: ACK: Hola, soy el paquete Lenox Legends v2.0-032 | Latencia: 23.431 ms
2025-06-11 21:15:06.312 - INFO - Enviando: Hola, soy el paquete Lenox Legends v2.0-033
2025-06-11 21:15:06.335 - INFO - Recibido ACK: ACK: Hola, soy el paquete Lenox Legends v2.0-033 | Latencia: 23.483 ms
2025-06-11 21:15:07.336 - INFO - Enviando: Hola, soy el paquete Lenox Legends v2.0-034
2025-06-11 21:15:07.361 - INFO - Recibido ACK: ACK: Hola, soy el paquete Lenox Legends v2.0-034 | Latencia: 25.422 ms
2025-06-11 21:15:08.362 - INFO - Enviando: Hola, soy el paquete Lenox Legends v2.0-035
2025-06-11 21:15:08.365 - INFO - Recibido ACK: ACK: Hola, soy el paquete Lenox Legends v2.0-035 | Latencia: 3.914 ms
2025-06-11 21:15:09.366 - INFO - Enviando: Hola, soy el paquete Lenox Legends v2.0-036
2025-06-11 21:15:09.407 - INFO - Recibido ACK: ACK: Hola, soy el paquete Lenox Legends v2.0-036 | Latencia: 41.215 ms
2025-06-11 21:15:10.408 - INFO - Enviando: Hola, soy el paquete Lenox Legends v2.0-037
2025-06-11 21:15:10.432 - INFO - Recibido ACK: ACK: Hola, soy el paquete Lenox Legends v2.0-037 | Latencia: 23.772 ms
2025-06-11 21:15:11.432 - INFO - Enviando: Hola, soy el paquete Lenox Legends v2.0-038
2025-06-11 21:15:11.455 - INFO - Recibido ACK: ACK: Hola, soy el paquete Lenox Legends v2.0-038 | Latencia: 22.695 ms
2025-06-11 21:15:12.456 - INFO - Enviando: Hola, soy el paquete Lenox Legends v2.0-039
2025-06-11 21:15:12.459 - INFO - Recibido ACK: ACK: Hola, soy el paquete Lenox Legends v2.0-039 | Latencia: 3.531 ms
2025-06-11 21:15:13.460 - INFO - Enviando: Hola, soy el paquete Lenox Legends v2.0-040
2025-06-11 21:15:13.503 - INFO - Recibido ACK: ACK: Hola, soy el paquete Lenox Legends v2.0-040 | Latencia: 43.137 ms
2025-06-11 21:15:14.504 - INFO - Enviando: Hola, soy el paquete Lenox Legends v2.0-041
2025-06-11 21:15:14.527 - INFO - Recibido ACK: ACK: Hola, soy el paquete Lenox Legends v2.0-041 | Latencia: 23.501 ms
2025-06-11 21:15:15.528 - INFO - Enviando: Hola, soy el paquete Lenox Legends v2.0-042
2025-06-11 21:15:15.551 - INFO - Recibido ACK: ACK: Hola, soy el paquete Lenox Legends v2.0-042 | Latencia: 23.955 ms
2025-06-11 21:15:16.552 - INFO - Enviando: Hola, soy el paquete Lenox Legends v2.0-043
2025-06-11 21:15:16.575 - INFO - Recibido ACK: ACK: Hola, soy el paquete Lenox Legends v2.0-043 | Latencia: 23.195 ms
2025-06-11 21:15:17.576 - INFO - Enviando: Hola, soy el paquete Lenox Legends v2.0-044
2025-06-11 21:15:17.599 - INFO - Recibido ACK: ACK: Hola, soy el paquete Lenox Legends v2.0-044 | Latencia: 23.410 ms
2025-06-11 21:15:18.600 - INFO - Enviando: Hola, soy el paquete Lenox Legends v2.0-045
2025-06-11 21:15:18.623 - INFO - Recibido ACK: ACK: Hola, soy el paquete Lenox Legends v2.0-045 | Latencia: 23.185 ms
2025-06-11 21:15:19.624 - INFO - Enviando: Hola, soy el paquete Lenox Legends v2.0-046
2025-06-11 21:15:19.648 - INFO - Recibido ACK: ACK: Hola, soy el paquete Lenox Legends v2.0-046 | Latencia: 24.405 ms
2025-06-11 21:15:20.649 - INFO - Enviando: Hola, soy el paquete Lenox Legends v2.0-047
2025-06-11 21:15:20.671 - INFO - Recibido ACK: ACK: Hola, soy el paquete Lenox Legends v2.0-047 | Latencia: 22.490 ms
2025-06-11 21:15:21.672 - INFO - Enviando: Hola, soy el paquete Lenox Legends v2.0-048
2025-06-11 21:15:21.696 - INFO - Recibido ACK: ACK: Hola, soy el paquete Lenox Legends v2.0-048 | Latencia: 23.915 ms
2025-06-11 21:15:22.696 - INFO - Enviando: Hola, soy el paquete Lenox Legends v2.0-049
2025-06-11 21:15:22.719 - INFO - Recibido ACK: ACK: Hola, soy el paquete Lenox Legends v2.0-049 | Latencia: 23.126 ms
2025-06-11 21:15:23.720 - INFO - Enviando: Hola, soy el paquete Lenox Legends v2.0-050
2025-06-11 21:15:23.743 - INFO - Recibido ACK: ACK: Hola, soy el paquete Lenox Legends v2.0-050 | Latencia: 23.045 ms
2025-06-11 21:15:24.744 - INFO - Enviando: Hola, soy el paquete Lenox Legends v2.0-051
2025-06-11 21:15:24.768 - INFO - Recibido ACK: ACK: Hola, soy el paquete Lenox Legends v2.0-051 | Latencia: 24.304 ms
2025-06-11 21:15:25.769 - INFO - Enviando: Hola, soy el paquete Lenox Legends v2.0-052
2025-06-11 21:15:25.791 - INFO - Recibido ACK: ACK: Hola, soy el paquete Lenox Legends v2.0-052 | Latencia: 22.448 ms
2025-06-11 21:15:26.792 - INFO - Enviando: Hola, soy el paquete Lenox Legends v2.0-053
2025-06-11 21:15:26.817 - INFO - Recibido ACK: ACK: Hola, soy el paquete Lenox Legends v2.0-053 | Latencia: 25.717 ms
2025-06-11 21:15:27.818 - INFO - Enviando: Hola, soy el paquete Lenox Legends v2.0-054
2025-06-11 21:15:27.839 - INFO - Recibido ACK: ACK: Hola, soy el paquete Lenox Legends v2.0-054 | Latencia: 20.970 ms
2025-06-11 21:15:28.840 - INFO - Enviando: Hola, soy el paquete Lenox Legends v2.0-055
2025-06-11 21:15:28.864 - INFO - Recibido ACK: ACK: Hola, soy el paquete Lenox Legends v2.0-055 | Latencia: 24.693 ms
2025-06-11 21:15:29.865 - INFO - Enviando: Hola, soy el paquete Lenox Legends v2.0-056
2025-06-11 21:15:29.888 - INFO - Recibido ACK: ACK: Hola, soy el paquete Lenox Legends v2.0-056 | Latencia: 22.900 ms
2025-06-11 21:15:30.888 - INFO - Enviando: Hola, soy el paquete Lenox Legends v2.0-057
2025-06-11 21:15:30.911 - INFO - Recibido ACK: ACK: Hola, soy el paquete Lenox Legends v2.0-057 | Latencia: 22.650 ms
2025-06-11 21:15:31.911 - INFO - Enviando: Hola, soy el paquete Lenox Legends v2.0-058
2025-06-11 21:15:31.935 - INFO - Recibido ACK: ACK: Hola, soy el paquete Lenox Legends v2.0-058 | Latencia: 23.650 ms
2025-06-11 21:15:32.935 - INFO - Enviando: Hola, soy el paquete Lenox Legends v2.0-059
2025-06-11 21:15:32.959 - INFO - Recibido ACK: ACK: Hola, soy el paquete Lenox Legends v2.0-059 | Latencia: 23.655 ms
2025-06-11 21:15:33.959 - INFO - Enviando: Hola, soy el paquete Lenox Legends v2.0-060
2025-06-11 21:15:33.983 - INFO - Recibido ACK: ACK: Hola, soy el paquete Lenox Legends v2.0-060 | Latencia: 23.691 ms
2025-06-11 21:15:34.984 - INFO - Enviando: Hola, soy el paquete Lenox Legends v2.0-061
2025-06-11 21:15:35.007 - INFO - Recibido ACK: ACK: Hola, soy el paquete Lenox Legends v2.0-061 | Latencia: 23.194 ms
2025-06-11 21:15:36.008 - INFO - Enviando: Hola, soy el paquete Lenox Legends v2.0-062
2025-06-11 21:15:36.012 - INFO - Recibido ACK: ACK: Hola, soy el paquete Lenox Legends v2.0-062 | Latencia: 4.182 ms
2025-06-11 21:15:37.013 - INFO - Enviando: Hola, soy el paquete Lenox Legends v2.0-063
2025-06-11 21:15:37.057 - INFO - Recibido ACK: ACK: Hola, soy el paquete Lenox Legends v2.0-063 | Latencia: 43.936 ms
2025-06-11 21:15:38.057 - INFO - Enviando: Hola, soy el paquete Lenox Legends v2.0-064
2025-06-11 21:15:38.079 - INFO - Recibido ACK: ACK: Hola, soy el paquete Lenox Legends v2.0-064 | Latencia: 22.155 ms
2025-06-11 21:15:39.080 - INFO - Enviando: Hola, soy el paquete Lenox Legends v2.0-065
2025-06-11 21:15:39.103 - INFO - Recibido ACK: ACK: Hola, soy el paquete Lenox Legends v2.0-065 | Latencia: 22.914 ms
2025-06-11 21:15:40.104 - INFO - Enviando: Hola, soy el paquete Lenox Legends v2.0-066
2025-06-11 21:15:40.127 - INFO - Recibido ACK: ACK: Hola, soy el paquete Lenox Legends v2.0-066 | Latencia: 23.587 ms
2025-06-11 21:15:40.629 - INFO - Cliente UDP finalizado.
2025-06-11 21:15:40.629 - INFO - --- Estadísticas de Latencia y Jitter para 66 paquetes (UDP) ---
2025-06-11 21:15:40.629 - INFO - Latencia Mínima: 3.531 ms
2025-06-11 21:15:40.630 - INFO - Latencia Máxima: 91.349 ms
2025-06-11 21:15:40.630 - INFO - Latencia Promedio: 24.450 ms
2025-06-11 21:15:40.630 - INFO - Jitter (Desviación Estándar): 10.869 ms
2025-06-11 21:15:40.630 - INFO - --------------------------------------------------
