53.860
19.162
28.167
20.086
23.552
22.331
22.790
24.514
125.955
22.614
22.980
23.283
24.142
22.582
24.688
23.154
23.044
22.803
23.087
3.791
44.146
22.864
23.505
23.354
23.359
23.062
23.872
22.651
24.717
24.423
22.011
125.266
23.635
24.348
124.619
23.765
23.072
23.191
23.254
23.203
23.404
23.351
24.247
22.468
23.478
23.322
23.317
23.184
23.509
127.153
22.137
23.334
23.006
23.498
27.173
22.868
19.495
4.583
44.851
20.586
23.863
22.943
4.692
41.855
23.546
24.126
127.540
21.844
22.545
23.430
23.336
23.576
24.806
22.725
23.004
23.513
22.452
23.423
23.462
24.224
23.632
22.351
23.581
23.313
23.065
23.505
23.681
22.932
23.211
23.472
23.450
23.713
23.265
23.610
23.727
23.404
23.832
23.130
23.452
23.545
--- Estadísticas de Latencia y Jitter para 100 paquetes (UDP) ---
Min: 3.791 ms
Max: 127.540 ms
Avg: 28.766 ms
Jitter (StdDev): 23.189 ms
91.349
3.577
43.030
24.482
22.784
23.089
23.740
24.726
22.657
22.256
23.431
24.009
24.619
22.990
21.899
23.480
28.313
18.595
23.502
23.583
23.539
23.825
24.250
22.308
23.437
23.410
23.398
23.348
23.501
23.563
23.528
23.431
23.483
25.422
3.914
41.215
23.772
22.695
3.531
43.137
23.501
23.955
23.195
23.410
23.185
24.405
22.490
23.915
23.126
23.045
24.304
22.448
25.717
20.970
24.693
22.900
22.650
23.650
23.655
23.691
23.194
4.182
43.936
22.155
22.914
23.587
--- Estadísticas de Latencia y Jitter para 66 paquetes (UDP) ---
Min: 3.531 ms
Max: 91.349 ms
Avg: 24.450 ms
Jitter (StdDev): 10.869 ms
