63.217
0.817
0.765
0.825
0.819
0.910
0.695
0.561
1.348
1.357
1.020
1.687
1.406
1.213
1.434
1.280
0.933
1.353
1.355
1.516
1.589
1.525
1.246
1.294
1.428
1.456
1.446
1.443
1.258
1.305
1.425
1.204
1.130
1.237
1.330
1.328
1.183
1.309
1.365
1.312
1.370
1.430
1.272
1.427
1.152
1.259
1.432
0.850
1.308
1.342
1.327
4.082
1.055
1.046
1.269
1.646
1.186
1.472
1.454
1.122
0.869
0.981
1.268
1.346
1.338
1.305
1.232
1.089
1.392
1.474
1.489
1.459
1.512
1.421
1.550
1.270
1.262
1.244
1.200
1.346
1.442
1.143
3.912
0.811
0.926
1.541
1.507
3.814
0.783
1.074
1.383
1.612
1.537
1.210
1.435
1.272
1.533
1.052
1.335
1.517
--- Estadísticas de Latencia y Jitter para 100 paquetes (TCP) ---
Min: 0.561 ms
Max: 63.217 ms
Avg: 1.967 ms
Jitter (StdDev): 6.208 ms
52.798
1.307
1.362
0.989
1.322
1.101
1.421
0.973
0.896
1.105
28.108
0.965
0.972
1.295
--- Estadísticas de Latencia y Jitter para 14 paquetes (TCP) ---
Min: 0.896 ms
Max: 52.798 ms
Avg: 6.758 ms
Jitter (StdDev): 15.075 ms
